0 info it worked if it ends with ok
1 verbose cli [ 'C:\\Program Files (x86)\\nodejs\\node.exe',
1 verbose cli   'C:\\Users\\Jisen\\AppData\\Roaming\\npm\\node_modules\\npm\\bin\\npm-cli.js',
1 verbose cli   'install' ]
2 info using npm@3.5.3
3 info using node@v4.2.6
4 silly loadCurrentTree Starting
5 silly install loadCurrentTree
6 silly install readLocalPackageData
7 silly install normalizeTree
8 silly loadCurrentTree Finishing
9 silly loadIdealTree Starting
10 silly install loadIdealTree
11 silly cloneCurrentTree Starting
12 silly install cloneCurrentTreeToIdealTree
13 silly cloneCurrentTree Finishing
14 silly loadShrinkwrap Starting
15 silly install loadShrinkwrap
16 silly loadShrinkwrap Finishing
17 silly loadAllDepsIntoIdealTree Starting
18 silly install loadAllDepsIntoIdealTree
19 silly fetchNamedPackageData fsevents
20 silly mapToRegistry name fsevents
21 silly mapToRegistry using default registry
22 silly mapToRegistry registry https://registry.npmjs.org/
23 silly mapToRegistry uri https://registry.npmjs.org/fsevents
24 verbose request uri https://registry.npmjs.org/fsevents
25 verbose request no auth needed
26 info attempt registry request try #1 at 11:10:07 AM
27 verbose request id c1afde4cfe3ed1a9
28 verbose etag "43VWEZO0NHQR9W0RRC4SYHILN"
29 http request GET https://registry.npmjs.org/fsevents
30 http 304 https://registry.npmjs.org/fsevents
31 verbose headers { date: 'Mon, 01 Feb 2016 17:10:10 GMT',
31 verbose headers   via: '1.1 varnish',
31 verbose headers   'cache-control': 'max-age=300',
31 verbose headers   etag: '"43VWEZO0NHQR9W0RRC4SYHILN"',
31 verbose headers   age: '127',
31 verbose headers   connection: 'keep-alive',
31 verbose headers   'x-served-by': 'cache-ord1733-ORD',
31 verbose headers   'x-cache': 'HIT',
31 verbose headers   'x-cache-hits': '3',
31 verbose headers   'x-timer': 'S1454346610.541925,VS0,VE0',
31 verbose headers   vary: 'Accept' }
32 silly get cb [ 304,
32 silly get   { date: 'Mon, 01 Feb 2016 17:10:10 GMT',
32 silly get     via: '1.1 varnish',
32 silly get     'cache-control': 'max-age=300',
32 silly get     etag: '"43VWEZO0NHQR9W0RRC4SYHILN"',
32 silly get     age: '127',
32 silly get     connection: 'keep-alive',
32 silly get     'x-served-by': 'cache-ord1733-ORD',
32 silly get     'x-cache': 'HIT',
32 silly get     'x-cache-hits': '3',
32 silly get     'x-timer': 'S1454346610.541925,VS0,VE0',
32 silly get     vary: 'Accept' } ]
33 verbose etag https://registry.npmjs.org/fsevents from cache
34 verbose get saving fsevents to C:\Users\Jisen\AppData\Roaming\npm-cache\registry.npmjs.org\fsevents\.cache.json
35 silly resolveWithNewModule fsevents@1.0.6 checking installable status
36 silly fetchNamedPackageData bufferutil
37 silly mapToRegistry name bufferutil
38 silly mapToRegistry using default registry
39 silly mapToRegistry registry https://registry.npmjs.org/
40 silly mapToRegistry uri https://registry.npmjs.org/bufferutil
41 silly fetchNamedPackageData utf-8-validate
42 silly mapToRegistry name utf-8-validate
43 silly mapToRegistry using default registry
44 silly mapToRegistry registry https://registry.npmjs.org/
45 silly mapToRegistry uri https://registry.npmjs.org/utf-8-validate
46 verbose request uri https://registry.npmjs.org/bufferutil
47 verbose request no auth needed
48 info attempt registry request try #1 at 11:10:09 AM
49 verbose etag "9NLYGHUX8MGYC2LICJDWKWNPW"
50 http request GET https://registry.npmjs.org/bufferutil
51 verbose request uri https://registry.npmjs.org/utf-8-validate
52 verbose request no auth needed
53 info attempt registry request try #1 at 11:10:09 AM
54 verbose etag "E7XYFT7FUBMH6H6XYWMIRAGJ0"
55 http request GET https://registry.npmjs.org/utf-8-validate
56 http 304 https://registry.npmjs.org/bufferutil
57 verbose headers { date: 'Mon, 01 Feb 2016 17:10:11 GMT',
57 verbose headers   via: '1.1 varnish',
57 verbose headers   'cache-control': 'max-age=300',
57 verbose headers   etag: '"9NLYGHUX8MGYC2LICJDWKWNPW"',
57 verbose headers   age: '190',
57 verbose headers   connection: 'keep-alive',
57 verbose headers   'x-served-by': 'cache-ord1723-ORD',
57 verbose headers   'x-cache': 'HIT',
57 verbose headers   'x-cache-hits': '3',
57 verbose headers   'x-timer': 'S1454346611.978923,VS0,VE0',
57 verbose headers   vary: 'Accept' }
58 silly get cb [ 304,
58 silly get   { date: 'Mon, 01 Feb 2016 17:10:11 GMT',
58 silly get     via: '1.1 varnish',
58 silly get     'cache-control': 'max-age=300',
58 silly get     etag: '"9NLYGHUX8MGYC2LICJDWKWNPW"',
58 silly get     age: '190',
58 silly get     connection: 'keep-alive',
58 silly get     'x-served-by': 'cache-ord1723-ORD',
58 silly get     'x-cache': 'HIT',
58 silly get     'x-cache-hits': '3',
58 silly get     'x-timer': 'S1454346611.978923,VS0,VE0',
58 silly get     vary: 'Accept' } ]
59 verbose etag https://registry.npmjs.org/bufferutil from cache
60 verbose get saving bufferutil to C:\Users\Jisen\AppData\Roaming\npm-cache\registry.npmjs.org\bufferutil\.cache.json
61 http 304 https://registry.npmjs.org/utf-8-validate
62 verbose headers { date: 'Mon, 01 Feb 2016 17:10:11 GMT',
62 verbose headers   via: '1.1 varnish',
62 verbose headers   'cache-control': 'max-age=300',
62 verbose headers   etag: '"E7XYFT7FUBMH6H6XYWMIRAGJ0"',
62 verbose headers   age: '277',
62 verbose headers   connection: 'keep-alive',
62 verbose headers   'x-served-by': 'cache-ord1726-ORD',
62 verbose headers   'x-cache': 'HIT',
62 verbose headers   'x-cache-hits': '2',
62 verbose headers   'x-timer': 'S1454346611.979514,VS0,VE0',
62 verbose headers   vary: 'Accept' }
63 silly get cb [ 304,
63 silly get   { date: 'Mon, 01 Feb 2016 17:10:11 GMT',
63 silly get     via: '1.1 varnish',
63 silly get     'cache-control': 'max-age=300',
63 silly get     etag: '"E7XYFT7FUBMH6H6XYWMIRAGJ0"',
63 silly get     age: '277',
63 silly get     connection: 'keep-alive',
63 silly get     'x-served-by': 'cache-ord1726-ORD',
63 silly get     'x-cache': 'HIT',
63 silly get     'x-cache-hits': '2',
63 silly get     'x-timer': 'S1454346611.979514,VS0,VE0',
63 silly get     vary: 'Accept' } ]
64 verbose etag https://registry.npmjs.org/utf-8-validate from cache
65 verbose get saving utf-8-validate to C:\Users\Jisen\AppData\Roaming\npm-cache\registry.npmjs.org\utf-8-validate\.cache.json
66 silly resolveWithNewModule bufferutil@1.2.1 checking installable status
67 silly cache add args [ 'bufferutil@1.2.x', null ]
68 verbose cache add spec bufferutil@1.2.x
69 silly cache add parsed spec Result {
69 silly cache add   raw: 'bufferutil@1.2.x',
69 silly cache add   scope: null,
69 silly cache add   name: 'bufferutil',
69 silly cache add   rawSpec: '1.2.x',
69 silly cache add   spec: '>=1.2.0 <1.3.0',
69 silly cache add   type: 'range' }
70 silly addNamed bufferutil@>=1.2.0 <1.3.0
71 verbose addNamed ">=1.2.0 <1.3.0" is a valid semver range for bufferutil
72 silly addNameRange { name: 'bufferutil', range: '>=1.2.0 <1.3.0', hasData: false }
73 silly mapToRegistry name bufferutil
74 silly mapToRegistry using default registry
75 silly mapToRegistry registry https://registry.npmjs.org/
76 silly mapToRegistry uri https://registry.npmjs.org/bufferutil
77 verbose addNameRange registry:https://registry.npmjs.org/bufferutil not in flight; fetching
78 silly resolveWithNewModule utf-8-validate@1.2.1 checking installable status
79 silly cache add args [ 'utf-8-validate@1.2.x', null ]
80 verbose cache add spec utf-8-validate@1.2.x
81 silly cache add parsed spec Result {
81 silly cache add   raw: 'utf-8-validate@1.2.x',
81 silly cache add   scope: null,
81 silly cache add   name: 'utf-8-validate',
81 silly cache add   rawSpec: '1.2.x',
81 silly cache add   spec: '>=1.2.0 <1.3.0',
81 silly cache add   type: 'range' }
82 silly addNamed utf-8-validate@>=1.2.0 <1.3.0
83 verbose addNamed ">=1.2.0 <1.3.0" is a valid semver range for utf-8-validate
84 silly addNameRange { name: 'utf-8-validate',
84 silly addNameRange   range: '>=1.2.0 <1.3.0',
84 silly addNameRange   hasData: false }
85 silly mapToRegistry name utf-8-validate
86 silly mapToRegistry using default registry
87 silly mapToRegistry registry https://registry.npmjs.org/
88 silly mapToRegistry uri https://registry.npmjs.org/utf-8-validate
89 verbose addNameRange registry:https://registry.npmjs.org/utf-8-validate not in flight; fetching
90 verbose get https://registry.npmjs.org/bufferutil not expired, no request
91 silly addNameRange number 2 { name: 'bufferutil', range: '>=1.2.0 <1.3.0', hasData: true }
92 silly addNameRange versions [ 'bufferutil',
92 silly addNameRange   [ '1.0.0', '1.0.1', '1.1.0', '1.2.0', '1.2.1' ] ]
93 silly addNamed bufferutil@1.2.1
94 verbose addNamed "1.2.1" is a plain semver version for bufferutil
95 verbose get https://registry.npmjs.org/utf-8-validate not expired, no request
96 silly addNameRange number 2 { name: 'utf-8-validate',
96 silly addNameRange   range: '>=1.2.0 <1.3.0',
96 silly addNameRange   hasData: true }
97 silly addNameRange versions [ 'utf-8-validate',
97 silly addNameRange   [ '1.0.0', '1.0.1', '1.1.0', '1.2.0', '1.2.1' ] ]
98 silly addNamed utf-8-validate@1.2.1
99 verbose addNamed "1.2.1" is a plain semver version for utf-8-validate
100 silly cache afterAdd bufferutil@1.2.1
101 verbose afterAdd C:\Users\Jisen\AppData\Roaming\npm-cache\bufferutil\1.2.1\package\package.json not in flight; writing
102 silly cache afterAdd utf-8-validate@1.2.1
103 verbose afterAdd C:\Users\Jisen\AppData\Roaming\npm-cache\utf-8-validate\1.2.1\package\package.json not in flight; writing
104 verbose afterAdd C:\Users\Jisen\AppData\Roaming\npm-cache\bufferutil\1.2.1\package\package.json written
105 verbose afterAdd C:\Users\Jisen\AppData\Roaming\npm-cache\utf-8-validate\1.2.1\package\package.json written
106 silly fetchNamedPackageData bindings
107 silly mapToRegistry name bindings
108 silly mapToRegistry using default registry
109 silly mapToRegistry registry https://registry.npmjs.org/
110 silly mapToRegistry uri https://registry.npmjs.org/bindings
111 silly fetchNamedPackageData nan
112 silly mapToRegistry name nan
113 silly mapToRegistry using default registry
114 silly mapToRegistry registry https://registry.npmjs.org/
115 silly mapToRegistry uri https://registry.npmjs.org/nan
116 verbose request uri https://registry.npmjs.org/bindings
117 verbose request no auth needed
118 info attempt registry request try #1 at 11:10:09 AM
119 verbose etag "1LLBF9OH58DLBEL4629U6032D"
120 http request GET https://registry.npmjs.org/bindings
121 verbose request uri https://registry.npmjs.org/nan
122 verbose request no auth needed
123 info attempt registry request try #1 at 11:10:09 AM
124 verbose etag "798MRG5PQ3TIGV0CLUOSQMVAG"
125 http request GET https://registry.npmjs.org/nan
126 http 304 https://registry.npmjs.org/bindings
127 verbose headers { date: 'Mon, 01 Feb 2016 17:10:12 GMT',
127 verbose headers   via: '1.1 varnish',
127 verbose headers   'cache-control': 'max-age=300',
127 verbose headers   etag: '"1LLBF9OH58DLBEL4629U6032D"',
127 verbose headers   age: '283',
127 verbose headers   connection: 'keep-alive',
127 verbose headers   'x-served-by': 'cache-ord1721-ORD',
127 verbose headers   'x-cache': 'HIT',
127 verbose headers   'x-cache-hits': '2',
127 verbose headers   'x-timer': 'S1454346612.593555,VS0,VE0',
127 verbose headers   vary: 'Accept' }
128 silly get cb [ 304,
128 silly get   { date: 'Mon, 01 Feb 2016 17:10:12 GMT',
128 silly get     via: '1.1 varnish',
128 silly get     'cache-control': 'max-age=300',
128 silly get     etag: '"1LLBF9OH58DLBEL4629U6032D"',
128 silly get     age: '283',
128 silly get     connection: 'keep-alive',
128 silly get     'x-served-by': 'cache-ord1721-ORD',
128 silly get     'x-cache': 'HIT',
128 silly get     'x-cache-hits': '2',
128 silly get     'x-timer': 'S1454346612.593555,VS0,VE0',
128 silly get     vary: 'Accept' } ]
129 verbose etag https://registry.npmjs.org/bindings from cache
130 verbose get saving bindings to C:\Users\Jisen\AppData\Roaming\npm-cache\registry.npmjs.org\bindings\.cache.json
131 http 304 https://registry.npmjs.org/nan
132 verbose headers { date: 'Mon, 01 Feb 2016 17:10:12 GMT',
132 verbose headers   via: '1.1 varnish',
132 verbose headers   'cache-control': 'max-age=300',
132 verbose headers   etag: '"798MRG5PQ3TIGV0CLUOSQMVAG"',
132 verbose headers   age: '249',
132 verbose headers   connection: 'keep-alive',
132 verbose headers   'x-served-by': 'cache-ord1730-ORD',
132 verbose headers   'x-cache': 'HIT',
132 verbose headers   'x-cache-hits': '8',
132 verbose headers   'x-timer': 'S1454346612.595494,VS0,VE0',
132 verbose headers   vary: 'Accept' }
133 silly get cb [ 304,
133 silly get   { date: 'Mon, 01 Feb 2016 17:10:12 GMT',
133 silly get     via: '1.1 varnish',
133 silly get     'cache-control': 'max-age=300',
133 silly get     etag: '"798MRG5PQ3TIGV0CLUOSQMVAG"',
133 silly get     age: '249',
133 silly get     connection: 'keep-alive',
133 silly get     'x-served-by': 'cache-ord1730-ORD',
133 silly get     'x-cache': 'HIT',
133 silly get     'x-cache-hits': '8',
133 silly get     'x-timer': 'S1454346612.595494,VS0,VE0',
133 silly get     vary: 'Accept' } ]
134 verbose etag https://registry.npmjs.org/nan from cache
135 verbose get saving nan to C:\Users\Jisen\AppData\Roaming\npm-cache\registry.npmjs.org\nan\.cache.json
136 silly resolveWithNewModule bindings@1.2.1 checking installable status
137 silly cache add args [ 'bindings@1.2.x', null ]
138 verbose cache add spec bindings@1.2.x
139 silly cache add parsed spec Result {
139 silly cache add   raw: 'bindings@1.2.x',
139 silly cache add   scope: null,
139 silly cache add   name: 'bindings',
139 silly cache add   rawSpec: '1.2.x',
139 silly cache add   spec: '>=1.2.0 <1.3.0',
139 silly cache add   type: 'range' }
140 silly addNamed bindings@>=1.2.0 <1.3.0
141 verbose addNamed ">=1.2.0 <1.3.0" is a valid semver range for bindings
142 silly addNameRange { name: 'bindings', range: '>=1.2.0 <1.3.0', hasData: false }
143 silly mapToRegistry name bindings
144 silly mapToRegistry using default registry
145 silly mapToRegistry registry https://registry.npmjs.org/
146 silly mapToRegistry uri https://registry.npmjs.org/bindings
147 verbose addNameRange registry:https://registry.npmjs.org/bindings not in flight; fetching
148 silly resolveWithNewModule nan@2.2.0 checking installable status
149 silly cache add args [ 'nan@^2.0.5', null ]
150 verbose cache add spec nan@^2.0.5
151 silly cache add parsed spec Result {
151 silly cache add   raw: 'nan@^2.0.5',
151 silly cache add   scope: null,
151 silly cache add   name: 'nan',
151 silly cache add   rawSpec: '^2.0.5',
151 silly cache add   spec: '>=2.0.5 <3.0.0',
151 silly cache add   type: 'range' }
152 silly addNamed nan@>=2.0.5 <3.0.0
153 verbose addNamed ">=2.0.5 <3.0.0" is a valid semver range for nan
154 silly addNameRange { name: 'nan', range: '>=2.0.5 <3.0.0', hasData: false }
155 silly mapToRegistry name nan
156 silly mapToRegistry using default registry
157 silly mapToRegistry registry https://registry.npmjs.org/
158 silly mapToRegistry uri https://registry.npmjs.org/nan
159 verbose addNameRange registry:https://registry.npmjs.org/nan not in flight; fetching
160 verbose get https://registry.npmjs.org/bindings not expired, no request
161 silly addNameRange number 2 { name: 'bindings', range: '>=1.2.0 <1.3.0', hasData: true }
162 silly addNameRange versions [ 'bindings',
162 silly addNameRange   [ '0.0.1',
162 silly addNameRange     '0.1.0',
162 silly addNameRange     '0.1.1',
162 silly addNameRange     '0.2.0',
162 silly addNameRange     '0.2.1',
162 silly addNameRange     '0.2.2',
162 silly addNameRange     '0.2.3',
162 silly addNameRange     '0.2.4',
162 silly addNameRange     '0.3.0',
162 silly addNameRange     '0.4.0',
162 silly addNameRange     '1.0.0',
162 silly addNameRange     '1.1.0',
162 silly addNameRange     '1.1.1',
162 silly addNameRange     '1.2.0',
162 silly addNameRange     '1.2.1' ] ]
163 silly addNamed bindings@1.2.1
164 verbose addNamed "1.2.1" is a plain semver version for bindings
165 verbose get https://registry.npmjs.org/nan not expired, no request
166 silly addNameRange number 2 { name: 'nan', range: '>=2.0.5 <3.0.0', hasData: true }
167 silly addNameRange versions [ 'nan',
167 silly addNameRange   [ '0.3.0-wip',
167 silly addNameRange     '0.3.0-wip2',
167 silly addNameRange     '0.3.0',
167 silly addNameRange     '0.3.1',
167 silly addNameRange     '0.3.2',
167 silly addNameRange     '0.4.0',
167 silly addNameRange     '0.4.1',
167 silly addNameRange     '0.4.2',
167 silly addNameRange     '0.4.3',
167 silly addNameRange     '0.4.4',
167 silly addNameRange     '0.5.0',
167 silly addNameRange     '0.5.1',
167 silly addNameRange     '0.5.2',
167 silly addNameRange     '0.6.0',
167 silly addNameRange     '0.7.0',
167 silly addNameRange     '0.7.1',
167 silly addNameRange     '0.8.0',
167 silly addNameRange     '1.0.0',
167 silly addNameRange     '1.1.0',
167 silly addNameRange     '1.1.1',
167 silly addNameRange     '1.1.2',
167 silly addNameRange     '1.2.0',
167 silly addNameRange     '1.3.0',
167 silly addNameRange     '1.4.0',
167 silly addNameRange     '1.4.1',
167 silly addNameRange     '1.5.0',
167 silly addNameRange     '1.4.2',
167 silly addNameRange     '1.4.3',
167 silly addNameRange     '1.5.1',
167 silly addNameRange     '1.5.2',
167 silly addNameRange     '1.6.0',
167 silly addNameRange     '1.5.3',
167 silly addNameRange     '1.6.1',
167 silly addNameRange     '1.6.2',
167 silly addNameRange     '1.7.0',
167 silly addNameRange     '1.8.0',
167 silly addNameRange     '1.8.1',
167 silly addNameRange     '1.8.2',
167 silly addNameRange     '1.8.3',
167 silly addNameRange     '1.8.4',
167 silly addNameRange     '1.9.0',
167 silly addNameRange     '2.0.0',
167 silly addNameRange     '2.0.1',
167 silly addNameRange     '2.0.2',
167 silly addNameRange     '2.0.3',
167 silly addNameRange     '2.0.4',
167 silly addNameRange     '2.0.5',
167 silly addNameRange     '2.0.6',
167 silly addNameRange     '2.0.7',
167 silly addNameRange     '2.0.8',
167 silly addNameRange     '2.0.9',
167 silly addNameRange     '2.1.0',
167 silly addNameRange     '2.2.0' ] ]
168 silly addNamed nan@2.2.0
169 verbose addNamed "2.2.0" is a plain semver version for nan
170 silly cache afterAdd bindings@1.2.1
171 verbose afterAdd C:\Users\Jisen\AppData\Roaming\npm-cache\bindings\1.2.1\package\package.json not in flight; writing
172 silly cache afterAdd nan@2.2.0
173 verbose afterAdd C:\Users\Jisen\AppData\Roaming\npm-cache\nan\2.2.0\package\package.json not in flight; writing
174 verbose afterAdd C:\Users\Jisen\AppData\Roaming\npm-cache\bindings\1.2.1\package\package.json written
175 verbose afterAdd C:\Users\Jisen\AppData\Roaming\npm-cache\nan\2.2.0\package\package.json written
176 silly fetchNamedPackageData nan
177 silly mapToRegistry name nan
178 silly mapToRegistry using default registry
179 silly mapToRegistry registry https://registry.npmjs.org/
180 silly mapToRegistry uri https://registry.npmjs.org/nan
181 silly loadAllDepsIntoIdealTree Finishing
182 silly idealTree:prePrune angular-seed@0.0.0
182 silly idealTree:prePrune ├── accepts@1.2.13
182 silly idealTree:prePrune ├── accessibility-developer-tools@2.6.0
182 silly idealTree:prePrune ├── active-x-obfuscator@0.0.1
182 silly idealTree:prePrune ├── adm-zip@0.4.4
182 silly idealTree:prePrune ├─┬ agent-base@2.0.1
182 silly idealTree:prePrune │ └── semver@5.0.3
182 silly idealTree:prePrune ├── amdefine@1.0.0
182 silly idealTree:prePrune ├── ansi-regex@2.0.0
182 silly idealTree:prePrune ├── ansi-styles@2.1.0
182 silly idealTree:prePrune ├── anymatch@1.3.0
182 silly idealTree:prePrune ├── arr-diff@2.0.0
182 silly idealTree:prePrune ├── arr-flatten@1.0.1
182 silly idealTree:prePrune ├── array-unique@0.2.1
182 silly idealTree:prePrune ├── arrify@1.0.1
182 silly idealTree:prePrune ├── asn1@0.1.11
182 silly idealTree:prePrune ├── assert-plus@0.1.5
182 silly idealTree:prePrune ├── async-each@0.1.6
182 silly idealTree:prePrune ├── async@0.2.10
182 silly idealTree:prePrune ├── aws-sign2@0.5.0
182 silly idealTree:prePrune ├── balanced-match@0.3.0
182 silly idealTree:prePrune ├── base64-url@1.2.1
182 silly idealTree:prePrune ├── base64id@0.1.0
182 silly idealTree:prePrune ├── basic-auth-connect@1.0.0
182 silly idealTree:prePrune ├── basic-auth@1.0.3
182 silly idealTree:prePrune ├── batch@0.5.3
182 silly idealTree:prePrune ├── binary-extensions@1.4.0
182 silly idealTree:prePrune ├── bindings@1.2.1
182 silly idealTree:prePrune ├─┬ bl@0.9.5
182 silly idealTree:prePrune │ └── readable-stream@1.0.33
182 silly idealTree:prePrune ├── bluebird@2.10.2
182 silly idealTree:prePrune ├─┬ body-parser@1.13.3
182 silly idealTree:prePrune │ └── qs@4.0.0
182 silly idealTree:prePrune ├── boom@2.10.1
182 silly idealTree:prePrune ├── bower@1.7.7
182 silly idealTree:prePrune ├── brace-expansion@1.1.2
182 silly idealTree:prePrune ├── braces@1.8.3
182 silly idealTree:prePrune ├─┬ bufferutil@1.2.1
182 silly idealTree:prePrune │ └── nan@2.2.0
182 silly idealTree:prePrune ├── bytes@2.1.0
182 silly idealTree:prePrune ├── caseless@0.10.0
182 silly idealTree:prePrune ├── chalk@1.1.1
182 silly idealTree:prePrune ├── chokidar@1.4.2
182 silly idealTree:prePrune ├── colors@0.6.2
182 silly idealTree:prePrune ├── combined-stream@1.0.5
182 silly idealTree:prePrune ├── commander@2.1.0
182 silly idealTree:prePrune ├── compressible@2.0.7
182 silly idealTree:prePrune ├── compression@1.5.2
182 silly idealTree:prePrune ├── concat-map@0.0.1
182 silly idealTree:prePrune ├── connect-timeout@1.6.2
182 silly idealTree:prePrune ├─┬ connect@2.30.2
182 silly idealTree:prePrune │ └── qs@4.0.0
182 silly idealTree:prePrune ├── content-type@1.0.1
182 silly idealTree:prePrune ├── cookie-parser@1.3.5
182 silly idealTree:prePrune ├── cookie-signature@1.0.6
182 silly idealTree:prePrune ├── cookie@0.1.3
182 silly idealTree:prePrune ├── core-util-is@1.0.2
182 silly idealTree:prePrune ├── crc@3.3.0
182 silly idealTree:prePrune ├── cryptiles@2.0.5
182 silly idealTree:prePrune ├── csrf@3.0.0
182 silly idealTree:prePrune ├── csurf@1.8.3
182 silly idealTree:prePrune ├── ctype@0.5.3
182 silly idealTree:prePrune ├── debug@2.2.0
182 silly idealTree:prePrune ├── deep-equal@1.0.1
182 silly idealTree:prePrune ├── delayed-stream@1.0.0
182 silly idealTree:prePrune ├── depd@1.0.1
182 silly idealTree:prePrune ├── destroy@1.0.4
182 silly idealTree:prePrune ├── di@0.0.1
182 silly idealTree:prePrune ├─┬ ecstatic@0.4.13
182 silly idealTree:prePrune │ └── optimist@0.3.7
182 silly idealTree:prePrune ├── ee-first@1.1.1
182 silly idealTree:prePrune ├── ent@0.0.7
182 silly idealTree:prePrune ├─┬ errorhandler@1.4.3
182 silly idealTree:prePrune │ ├── accepts@1.3.1
182 silly idealTree:prePrune │ └── negotiator@0.6.0
182 silly idealTree:prePrune ├── escape-html@1.0.3
182 silly idealTree:prePrune ├── escape-string-regexp@1.0.4
182 silly idealTree:prePrune ├── etag@1.7.0
182 silly idealTree:prePrune ├── exit@0.1.2
182 silly idealTree:prePrune ├── expand-brackets@0.1.4
182 silly idealTree:prePrune ├── expand-range@1.8.1
182 silly idealTree:prePrune ├── express-session@1.11.3
182 silly idealTree:prePrune ├── extend@3.0.0
182 silly idealTree:prePrune ├── extglob@0.3.2
182 silly idealTree:prePrune ├── filename-regex@2.0.0
182 silly idealTree:prePrune ├── fill-range@2.2.3
182 silly idealTree:prePrune ├─┬ finalhandler@0.4.0
182 silly idealTree:prePrune │ └── escape-html@1.0.2
182 silly idealTree:prePrune ├── for-in@0.1.4
182 silly idealTree:prePrune ├── for-own@0.1.3
182 silly idealTree:prePrune ├── forever-agent@0.6.1
182 silly idealTree:prePrune ├─┬ form-data@0.2.0
182 silly idealTree:prePrune │ ├── async@0.9.2
182 silly idealTree:prePrune │ ├── combined-stream@0.0.7
182 silly idealTree:prePrune │ ├── delayed-stream@0.0.5
182 silly idealTree:prePrune │ ├── mime-db@1.12.0
182 silly idealTree:prePrune │ └── mime-types@2.0.14
182 silly idealTree:prePrune ├── fresh@0.3.0
182 silly idealTree:prePrune ├── generate-function@2.0.0
182 silly idealTree:prePrune ├── generate-object-property@1.2.0
182 silly idealTree:prePrune ├── glob-base@0.3.0
182 silly idealTree:prePrune ├── glob-parent@2.0.0
182 silly idealTree:prePrune ├── glob@5.0.15
182 silly idealTree:prePrune ├── graceful-fs@3.0.8
182 silly idealTree:prePrune ├── graceful-readlink@1.0.1
182 silly idealTree:prePrune ├─┬ har-validator@1.8.0
182 silly idealTree:prePrune │ └── commander@2.9.0
182 silly idealTree:prePrune ├── has-ansi@2.0.0
182 silly idealTree:prePrune ├── hawk@2.3.1
182 silly idealTree:prePrune ├── hoek@2.16.3
182 silly idealTree:prePrune ├── html-entities@1.1.3
182 silly idealTree:prePrune ├── http-errors@1.3.1
182 silly idealTree:prePrune ├─┬ http-proxy@0.10.4
182 silly idealTree:prePrune │ ├── optimist@0.6.1
182 silly idealTree:prePrune │ └── pkginfo@0.3.1
182 silly idealTree:prePrune ├── http-server@0.6.1
182 silly idealTree:prePrune ├── http-signature@0.11.0
182 silly idealTree:prePrune ├── https-proxy-agent@1.0.0
182 silly idealTree:prePrune ├── i@0.3.4
182 silly idealTree:prePrune ├── iconv-lite@0.4.11
182 silly idealTree:prePrune ├── inflight@1.0.4
182 silly idealTree:prePrune ├── inherits@2.0.1
182 silly idealTree:prePrune ├── is-absolute@0.1.7
182 silly idealTree:prePrune ├── is-binary-path@1.0.1
182 silly idealTree:prePrune ├── is-buffer@1.1.1
182 silly idealTree:prePrune ├── is-dotfile@1.0.2
182 silly idealTree:prePrune ├── is-equal-shallow@0.1.3
182 silly idealTree:prePrune ├── is-extendable@0.1.1
182 silly idealTree:prePrune ├── is-extglob@1.0.0
182 silly idealTree:prePrune ├── is-glob@2.0.1
182 silly idealTree:prePrune ├── is-my-json-valid@2.12.4
182 silly idealTree:prePrune ├── is-number@2.1.0
182 silly idealTree:prePrune ├── is-primitive@2.0.0
182 silly idealTree:prePrune ├── is-property@1.0.2
182 silly idealTree:prePrune ├── is-relative@0.1.3
182 silly idealTree:prePrune ├── isarray@0.0.1
182 silly idealTree:prePrune ├── isexe@1.1.1
182 silly idealTree:prePrune ├── isobject@2.0.0
182 silly idealTree:prePrune ├── isstream@0.1.2
182 silly idealTree:prePrune ├── jasmine-core@2.4.1
182 silly idealTree:prePrune ├─┬ jasmine@2.3.2
182 silly idealTree:prePrune │ ├── glob@3.2.11
182 silly idealTree:prePrune │ ├── jasmine-core@2.3.4
182 silly idealTree:prePrune │ └── minimatch@0.3.0
182 silly idealTree:prePrune ├── jasminewd@1.1.0
182 silly idealTree:prePrune ├── jasminewd2@0.0.6
182 silly idealTree:prePrune ├── json-stringify-safe@5.0.1
182 silly idealTree:prePrune ├── jsonpointer@2.0.0
182 silly idealTree:prePrune ├── karma-chrome-launcher@0.1.12
182 silly idealTree:prePrune ├── karma-firefox-launcher@0.1.7
182 silly idealTree:prePrune ├── karma-jasmine@0.3.6
182 silly idealTree:prePrune ├── karma-junit-reporter@0.2.2
182 silly idealTree:prePrune ├─┬ karma@0.12.37
182 silly idealTree:prePrune │ ├── colors@1.1.2
182 silly idealTree:prePrune │ ├── mime@1.3.4
182 silly idealTree:prePrune │ └── optimist@0.6.1
182 silly idealTree:prePrune ├── kind-of@3.0.2
182 silly idealTree:prePrune ├── lodash@3.10.1
182 silly idealTree:prePrune ├─┬ log4js@0.6.30
182 silly idealTree:prePrune │ └── readable-stream@1.0.33
182 silly idealTree:prePrune ├── lru-cache@2.2.4
182 silly idealTree:prePrune ├── media-typer@0.3.0
182 silly idealTree:prePrune ├── method-override@2.3.5
182 silly idealTree:prePrune ├── methods@1.1.2
182 silly idealTree:prePrune ├── micromatch@2.3.7
182 silly idealTree:prePrune ├── mime-db@1.21.0
182 silly idealTree:prePrune ├── mime-types@2.1.9
182 silly idealTree:prePrune ├── mime@1.2.11
182 silly idealTree:prePrune ├── minijasminenode@1.1.1
182 silly idealTree:prePrune ├── minimatch@2.0.10
182 silly idealTree:prePrune ├── minimist@0.0.10
182 silly idealTree:prePrune ├── mkdirp@0.0.7
182 silly idealTree:prePrune ├── morgan@1.6.1
182 silly idealTree:prePrune ├── ms@0.7.1
182 silly idealTree:prePrune ├─┬ multiparty@3.3.2
182 silly idealTree:prePrune │ └── readable-stream@1.1.13
182 silly idealTree:prePrune ├── nan@1.0.0
182 silly idealTree:prePrune ├── ncp@0.4.2
182 silly idealTree:prePrune ├── negotiator@0.5.3
182 silly idealTree:prePrune ├── node-uuid@1.4.7
182 silly idealTree:prePrune ├── normalize-path@2.0.1
182 silly idealTree:prePrune ├── oauth-sign@0.8.0
182 silly idealTree:prePrune ├── object.omit@2.0.0
182 silly idealTree:prePrune ├── on-finished@2.3.0
182 silly idealTree:prePrune ├── on-headers@1.0.1
182 silly idealTree:prePrune ├── once@1.3.3
182 silly idealTree:prePrune ├── opener@1.3.0
182 silly idealTree:prePrune ├── optimist@0.5.2
182 silly idealTree:prePrune ├── options@0.0.6
182 silly idealTree:prePrune ├── parse-glob@3.0.4
182 silly idealTree:prePrune ├── parseurl@1.3.1
182 silly idealTree:prePrune ├── path-is-absolute@1.0.0
182 silly idealTree:prePrune ├── pause@0.1.0
182 silly idealTree:prePrune ├── pkginfo@0.2.3
182 silly idealTree:prePrune ├── policyfile@0.0.4
182 silly idealTree:prePrune ├── portfinder@0.2.1
182 silly idealTree:prePrune ├── preserve@0.2.0
182 silly idealTree:prePrune ├── process-nextick-args@1.0.6
182 silly idealTree:prePrune ├─┬ protractor@2.5.1
182 silly idealTree:prePrune │ ├── glob@3.2.11
182 silly idealTree:prePrune │ ├── lodash@2.4.2
182 silly idealTree:prePrune │ ├── minimatch@0.3.0
182 silly idealTree:prePrune │ ├── optimist@0.6.1
182 silly idealTree:prePrune │ └── q@1.0.0
182 silly idealTree:prePrune ├── q@1.4.1
182 silly idealTree:prePrune ├── qs@0.5.6
182 silly idealTree:prePrune ├── randomatic@1.1.5
182 silly idealTree:prePrune ├── range-parser@1.0.3
182 silly idealTree:prePrune ├─┬ raw-body@2.1.5
182 silly idealTree:prePrune │ ├── bytes@2.2.0
182 silly idealTree:prePrune │ └── iconv-lite@0.4.13
182 silly idealTree:prePrune ├── readable-stream@2.0.5
182 silly idealTree:prePrune ├─┬ readdirp@2.0.0
182 silly idealTree:prePrune │ └── graceful-fs@4.1.2
182 silly idealTree:prePrune ├── redis@0.7.3
182 silly idealTree:prePrune ├── regex-cache@0.4.2
182 silly idealTree:prePrune ├── repeat-element@1.1.2
182 silly idealTree:prePrune ├── repeat-string@1.5.2
182 silly idealTree:prePrune ├─┬ request@2.57.0
182 silly idealTree:prePrune │ ├── mime-db@1.12.0
182 silly idealTree:prePrune │ ├── mime-types@2.0.14
182 silly idealTree:prePrune │ └── qs@3.1.0
182 silly idealTree:prePrune ├── response-time@2.3.1
182 silly idealTree:prePrune ├─┬ rimraf@2.5.1
182 silly idealTree:prePrune │ └── glob@6.0.4
182 silly idealTree:prePrune ├── rndm@1.1.1
182 silly idealTree:prePrune ├── saucelabs@1.0.1
182 silly idealTree:prePrune ├── sax@0.6.1
182 silly idealTree:prePrune ├── scmp@1.0.0
182 silly idealTree:prePrune ├─┬ selenium-webdriver@2.47.0
182 silly idealTree:prePrune │ └── ws@0.8.1
182 silly idealTree:prePrune ├── semver@4.3.6
182 silly idealTree:prePrune ├─┬ send@0.13.1
182 silly idealTree:prePrune │ ├── depd@1.1.0
182 silly idealTree:prePrune │ └── mime@1.3.4
182 silly idealTree:prePrune ├── serve-favicon@2.3.0
182 silly idealTree:prePrune ├── serve-index@1.7.3
182 silly idealTree:prePrune ├── serve-static@1.10.2
182 silly idealTree:prePrune ├── shelljs@0.2.6
182 silly idealTree:prePrune ├── sigmund@1.0.1
182 silly idealTree:prePrune ├── sntp@1.0.9
182 silly idealTree:prePrune ├── socket.io-client@0.9.16
182 silly idealTree:prePrune ├── socket.io@0.9.16
182 silly idealTree:prePrune ├─┬ source-map-support@0.2.10
182 silly idealTree:prePrune │ └── source-map@0.1.32
182 silly idealTree:prePrune ├── source-map@0.4.4
182 silly idealTree:prePrune ├── statuses@1.2.1
182 silly idealTree:prePrune ├─┬ stream-counter@0.2.0
182 silly idealTree:prePrune │ └── readable-stream@1.1.13
182 silly idealTree:prePrune ├── string_decoder@0.10.31
182 silly idealTree:prePrune ├── stringstream@0.0.5
182 silly idealTree:prePrune ├── strip-ansi@3.0.0
182 silly idealTree:prePrune ├── supports-color@2.0.0
182 silly idealTree:prePrune ├── tinycolor@0.0.1
182 silly idealTree:prePrune ├── tmp@0.0.24
182 silly idealTree:prePrune ├── tough-cookie@2.2.1
182 silly idealTree:prePrune ├── tunnel-agent@0.4.2
182 silly idealTree:prePrune ├── type-is@1.6.10
182 silly idealTree:prePrune ├── uglify-js@1.2.5
182 silly idealTree:prePrune ├── uid-safe@2.0.0
182 silly idealTree:prePrune ├── ultron@1.0.2
182 silly idealTree:prePrune ├── union@0.3.8
182 silly idealTree:prePrune ├── unpipe@1.0.0
182 silly idealTree:prePrune ├── useragent@2.1.8
182 silly idealTree:prePrune ├─┬ utf-8-validate@1.2.1
182 silly idealTree:prePrune │ └── nan@2.2.0
182 silly idealTree:prePrune ├── util-deprecate@1.0.2
182 silly idealTree:prePrune ├── utile@0.2.1
182 silly idealTree:prePrune ├── utils-merge@1.0.0
182 silly idealTree:prePrune ├── vary@1.0.1
182 silly idealTree:prePrune ├── vhost@3.0.2
182 silly idealTree:prePrune ├── which@1.2.4
182 silly idealTree:prePrune ├── wordwrap@0.0.3
182 silly idealTree:prePrune ├── wrappy@1.0.1
182 silly idealTree:prePrune ├── ws@0.4.32
182 silly idealTree:prePrune ├─┬ xml2js@0.4.4
182 silly idealTree:prePrune │ ├── lodash@4.0.1
182 silly idealTree:prePrune │ └── xmlbuilder@4.2.1
182 silly idealTree:prePrune ├── xmlbuilder@0.4.2
182 silly idealTree:prePrune ├── xmlhttprequest@1.4.2
182 silly idealTree:prePrune ├── xtend@4.0.1
182 silly idealTree:prePrune └── zeparser@0.0.5
183 silly loadIdealTree Finishing
184 silly currentTree angular-seed@0.0.0
184 silly currentTree ├── accepts@1.2.13
184 silly currentTree ├── accessibility-developer-tools@2.6.0
184 silly currentTree ├── active-x-obfuscator@0.0.1
184 silly currentTree ├── adm-zip@0.4.4
184 silly currentTree ├─┬ agent-base@2.0.1
184 silly currentTree │ └── semver@5.0.3
184 silly currentTree ├── amdefine@1.0.0
184 silly currentTree ├── ansi-regex@2.0.0
184 silly currentTree ├── ansi-styles@2.1.0
184 silly currentTree ├── anymatch@1.3.0
184 silly currentTree ├── arr-diff@2.0.0
184 silly currentTree ├── arr-flatten@1.0.1
184 silly currentTree ├── array-unique@0.2.1
184 silly currentTree ├── arrify@1.0.1
184 silly currentTree ├── asn1@0.1.11
184 silly currentTree ├── assert-plus@0.1.5
184 silly currentTree ├── async-each@0.1.6
184 silly currentTree ├── async@0.2.10
184 silly currentTree ├── aws-sign2@0.5.0
184 silly currentTree ├── balanced-match@0.3.0
184 silly currentTree ├── base64-url@1.2.1
184 silly currentTree ├── base64id@0.1.0
184 silly currentTree ├── basic-auth-connect@1.0.0
184 silly currentTree ├── basic-auth@1.0.3
184 silly currentTree ├── batch@0.5.3
184 silly currentTree ├── binary-extensions@1.4.0
184 silly currentTree ├─┬ bl@0.9.5
184 silly currentTree │ └── readable-stream@1.0.33
184 silly currentTree ├── bluebird@2.10.2
184 silly currentTree ├─┬ body-parser@1.13.3
184 silly currentTree │ └── qs@4.0.0
184 silly currentTree ├── boom@2.10.1
184 silly currentTree ├── bower@1.7.7
184 silly currentTree ├── brace-expansion@1.1.2
184 silly currentTree ├── braces@1.8.3
184 silly currentTree ├── bytes@2.1.0
184 silly currentTree ├── caseless@0.10.0
184 silly currentTree ├── chalk@1.1.1
184 silly currentTree ├── chokidar@1.4.2
184 silly currentTree ├── colors@0.6.2
184 silly currentTree ├── combined-stream@1.0.5
184 silly currentTree ├── commander@2.1.0
184 silly currentTree ├── compressible@2.0.7
184 silly currentTree ├── compression@1.5.2
184 silly currentTree ├── concat-map@0.0.1
184 silly currentTree ├── connect-timeout@1.6.2
184 silly currentTree ├─┬ connect@2.30.2
184 silly currentTree │ └── qs@4.0.0
184 silly currentTree ├── content-type@1.0.1
184 silly currentTree ├── cookie-parser@1.3.5
184 silly currentTree ├── cookie-signature@1.0.6
184 silly currentTree ├── cookie@0.1.3
184 silly currentTree ├── core-util-is@1.0.2
184 silly currentTree ├── crc@3.3.0
184 silly currentTree ├── cryptiles@2.0.5
184 silly currentTree ├── csrf@3.0.0
184 silly currentTree ├── csurf@1.8.3
184 silly currentTree ├── ctype@0.5.3
184 silly currentTree ├── debug@2.2.0
184 silly currentTree ├── deep-equal@1.0.1
184 silly currentTree ├── delayed-stream@1.0.0
184 silly currentTree ├── depd@1.0.1
184 silly currentTree ├── destroy@1.0.4
184 silly currentTree ├── di@0.0.1
184 silly currentTree ├─┬ ecstatic@0.4.13
184 silly currentTree │ └── optimist@0.3.7
184 silly currentTree ├── ee-first@1.1.1
184 silly currentTree ├── ent@0.0.7
184 silly currentTree ├─┬ errorhandler@1.4.3
184 silly currentTree │ ├── accepts@1.3.1
184 silly currentTree │ └── negotiator@0.6.0
184 silly currentTree ├── escape-html@1.0.3
184 silly currentTree ├── escape-string-regexp@1.0.4
184 silly currentTree ├── etag@1.7.0
184 silly currentTree ├── exit@0.1.2
184 silly currentTree ├── expand-brackets@0.1.4
184 silly currentTree ├── expand-range@1.8.1
184 silly currentTree ├── express-session@1.11.3
184 silly currentTree ├── extend@3.0.0
184 silly currentTree ├── extglob@0.3.2
184 silly currentTree ├── filename-regex@2.0.0
184 silly currentTree ├── fill-range@2.2.3
184 silly currentTree ├─┬ finalhandler@0.4.0
184 silly currentTree │ └── escape-html@1.0.2
184 silly currentTree ├── for-in@0.1.4
184 silly currentTree ├── for-own@0.1.3
184 silly currentTree ├── forever-agent@0.6.1
184 silly currentTree ├─┬ form-data@0.2.0
184 silly currentTree │ ├── async@0.9.2
184 silly currentTree │ ├── combined-stream@0.0.7
184 silly currentTree │ ├── delayed-stream@0.0.5
184 silly currentTree │ ├── mime-db@1.12.0
184 silly currentTree │ └── mime-types@2.0.14
184 silly currentTree ├── fresh@0.3.0
184 silly currentTree ├── generate-function@2.0.0
184 silly currentTree ├── generate-object-property@1.2.0
184 silly currentTree ├── glob-base@0.3.0
184 silly currentTree ├── glob-parent@2.0.0
184 silly currentTree ├── glob@5.0.15
184 silly currentTree ├── graceful-fs@3.0.8
184 silly currentTree ├── graceful-readlink@1.0.1
184 silly currentTree ├─┬ har-validator@1.8.0
184 silly currentTree │ └── commander@2.9.0
184 silly currentTree ├── has-ansi@2.0.0
184 silly currentTree ├── hawk@2.3.1
184 silly currentTree ├── hoek@2.16.3
184 silly currentTree ├── html-entities@1.1.3
184 silly currentTree ├── http-errors@1.3.1
184 silly currentTree ├─┬ http-proxy@0.10.4
184 silly currentTree │ ├── optimist@0.6.1
184 silly currentTree │ └── pkginfo@0.3.1
184 silly currentTree ├── http-server@0.6.1
184 silly currentTree ├── http-signature@0.11.0
184 silly currentTree ├── https-proxy-agent@1.0.0
184 silly currentTree ├── i@0.3.4
184 silly currentTree ├── iconv-lite@0.4.11
184 silly currentTree ├── inflight@1.0.4
184 silly currentTree ├── inherits@2.0.1
184 silly currentTree ├── is-absolute@0.1.7
184 silly currentTree ├── is-binary-path@1.0.1
184 silly currentTree ├── is-buffer@1.1.1
184 silly currentTree ├── is-dotfile@1.0.2
184 silly currentTree ├── is-equal-shallow@0.1.3
184 silly currentTree ├── is-extendable@0.1.1
184 silly currentTree ├── is-extglob@1.0.0
184 silly currentTree ├── is-glob@2.0.1
184 silly currentTree ├── is-my-json-valid@2.12.4
184 silly currentTree ├── is-number@2.1.0
184 silly currentTree ├── is-primitive@2.0.0
184 silly currentTree ├── is-property@1.0.2
184 silly currentTree ├── is-relative@0.1.3
184 silly currentTree ├── isarray@0.0.1
184 silly currentTree ├── isexe@1.1.1
184 silly currentTree ├── isobject@2.0.0
184 silly currentTree ├── isstream@0.1.2
184 silly currentTree ├── jasmine-core@2.4.1
184 silly currentTree ├─┬ jasmine@2.3.2
184 silly currentTree │ ├── glob@3.2.11
184 silly currentTree │ ├── jasmine-core@2.3.4
184 silly currentTree │ └── minimatch@0.3.0
184 silly currentTree ├── jasminewd@1.1.0
184 silly currentTree ├── jasminewd2@0.0.6
184 silly currentTree ├── json-stringify-safe@5.0.1
184 silly currentTree ├── jsonpointer@2.0.0
184 silly currentTree ├── karma-chrome-launcher@0.1.12
184 silly currentTree ├── karma-firefox-launcher@0.1.7
184 silly currentTree ├── karma-jasmine@0.3.6
184 silly currentTree ├── karma-junit-reporter@0.2.2
184 silly currentTree ├─┬ karma@0.12.37
184 silly currentTree │ ├── colors@1.1.2
184 silly currentTree │ ├── mime@1.3.4
184 silly currentTree │ └── optimist@0.6.1
184 silly currentTree ├── kind-of@3.0.2
184 silly currentTree ├── lodash@3.10.1
184 silly currentTree ├─┬ log4js@0.6.30
184 silly currentTree │ └── readable-stream@1.0.33
184 silly currentTree ├── lru-cache@2.2.4
184 silly currentTree ├── media-typer@0.3.0
184 silly currentTree ├── method-override@2.3.5
184 silly currentTree ├── methods@1.1.2
184 silly currentTree ├── micromatch@2.3.7
184 silly currentTree ├── mime-db@1.21.0
184 silly currentTree ├── mime-types@2.1.9
184 silly currentTree ├── mime@1.2.11
184 silly currentTree ├── minijasminenode@1.1.1
184 silly currentTree ├── minimatch@2.0.10
184 silly currentTree ├── minimist@0.0.10
184 silly currentTree ├── mkdirp@0.0.7
184 silly currentTree ├── morgan@1.6.1
184 silly currentTree ├── ms@0.7.1
184 silly currentTree ├─┬ multiparty@3.3.2
184 silly currentTree │ └── readable-stream@1.1.13
184 silly currentTree ├── nan@1.0.0
184 silly currentTree ├── ncp@0.4.2
184 silly currentTree ├── negotiator@0.5.3
184 silly currentTree ├── node-uuid@1.4.7
184 silly currentTree ├── normalize-path@2.0.1
184 silly currentTree ├── oauth-sign@0.8.0
184 silly currentTree ├── object.omit@2.0.0
184 silly currentTree ├── on-finished@2.3.0
184 silly currentTree ├── on-headers@1.0.1
184 silly currentTree ├── once@1.3.3
184 silly currentTree ├── opener@1.3.0
184 silly currentTree ├── optimist@0.5.2
184 silly currentTree ├── options@0.0.6
184 silly currentTree ├── parse-glob@3.0.4
184 silly currentTree ├── parseurl@1.3.1
184 silly currentTree ├── path-is-absolute@1.0.0
184 silly currentTree ├── pause@0.1.0
184 silly currentTree ├── pkginfo@0.2.3
184 silly currentTree ├── policyfile@0.0.4
184 silly currentTree ├── portfinder@0.2.1
184 silly currentTree ├── preserve@0.2.0
184 silly currentTree ├── process-nextick-args@1.0.6
184 silly currentTree ├─┬ protractor@2.5.1
184 silly currentTree │ ├── glob@3.2.11
184 silly currentTree │ ├── lodash@2.4.2
184 silly currentTree │ ├── minimatch@0.3.0
184 silly currentTree │ ├── optimist@0.6.1
184 silly currentTree │ └── q@1.0.0
184 silly currentTree ├── q@1.4.1
184 silly currentTree ├── qs@0.5.6
184 silly currentTree ├── randomatic@1.1.5
184 silly currentTree ├── range-parser@1.0.3
184 silly currentTree ├─┬ raw-body@2.1.5
184 silly currentTree │ ├── bytes@2.2.0
184 silly currentTree │ └── iconv-lite@0.4.13
184 silly currentTree ├── readable-stream@2.0.5
184 silly currentTree ├─┬ readdirp@2.0.0
184 silly currentTree │ └── graceful-fs@4.1.2
184 silly currentTree ├── redis@0.7.3
184 silly currentTree ├── regex-cache@0.4.2
184 silly currentTree ├── repeat-element@1.1.2
184 silly currentTree ├── repeat-string@1.5.2
184 silly currentTree ├─┬ request@2.57.0
184 silly currentTree │ ├── mime-db@1.12.0
184 silly currentTree │ ├── mime-types@2.0.14
184 silly currentTree │ └── qs@3.1.0
184 silly currentTree ├── response-time@2.3.1
184 silly currentTree ├─┬ rimraf@2.5.1
184 silly currentTree │ └── glob@6.0.4
184 silly currentTree ├── rndm@1.1.1
184 silly currentTree ├── saucelabs@1.0.1
184 silly currentTree ├── sax@0.6.1
184 silly currentTree ├── scmp@1.0.0
184 silly currentTree ├─┬ selenium-webdriver@2.47.0
184 silly currentTree │ └── ws@0.8.1
184 silly currentTree ├── semver@4.3.6
184 silly currentTree ├─┬ send@0.13.1
184 silly currentTree │ ├── depd@1.1.0
184 silly currentTree │ └── mime@1.3.4
184 silly currentTree ├── serve-favicon@2.3.0
184 silly currentTree ├── serve-index@1.7.3
184 silly currentTree ├── serve-static@1.10.2
184 silly currentTree ├── shelljs@0.2.6
184 silly currentTree ├── sigmund@1.0.1
184 silly currentTree ├── sntp@1.0.9
184 silly currentTree ├── socket.io-client@0.9.16
184 silly currentTree ├── socket.io@0.9.16
184 silly currentTree ├─┬ source-map-support@0.2.10
184 silly currentTree │ └── source-map@0.1.32
184 silly currentTree ├── source-map@0.4.4
184 silly currentTree ├── statuses@1.2.1
184 silly currentTree ├─┬ stream-counter@0.2.0
184 silly currentTree │ └── readable-stream@1.1.13
184 silly currentTree ├── string_decoder@0.10.31
184 silly currentTree ├── stringstream@0.0.5
184 silly currentTree ├── strip-ansi@3.0.0
184 silly currentTree ├── supports-color@2.0.0
184 silly currentTree ├── tinycolor@0.0.1
184 silly currentTree ├── tmp@0.0.24
184 silly currentTree ├── tough-cookie@2.2.1
184 silly currentTree ├── tunnel-agent@0.4.2
184 silly currentTree ├── type-is@1.6.10
184 silly currentTree ├── uglify-js@1.2.5
184 silly currentTree ├── uid-safe@2.0.0
184 silly currentTree ├── ultron@1.0.2
184 silly currentTree ├── union@0.3.8
184 silly currentTree ├── unpipe@1.0.0
184 silly currentTree ├── useragent@2.1.8
184 silly currentTree ├── util-deprecate@1.0.2
184 silly currentTree ├── utile@0.2.1
184 silly currentTree ├── utils-merge@1.0.0
184 silly currentTree ├── vary@1.0.1
184 silly currentTree ├── vhost@3.0.2
184 silly currentTree ├── which@1.2.4
184 silly currentTree ├── wordwrap@0.0.3
184 silly currentTree ├── wrappy@1.0.1
184 silly currentTree ├── ws@0.4.32
184 silly currentTree ├─┬ xml2js@0.4.4
184 silly currentTree │ ├── lodash@4.0.1
184 silly currentTree │ └── xmlbuilder@4.2.1
184 silly currentTree ├── xmlbuilder@0.4.2
184 silly currentTree ├── xmlhttprequest@1.4.2
184 silly currentTree ├── xtend@4.0.1
184 silly currentTree └── zeparser@0.0.5
185 silly idealTree angular-seed@0.0.0
185 silly idealTree ├── accepts@1.2.13
185 silly idealTree ├── accessibility-developer-tools@2.6.0
185 silly idealTree ├── active-x-obfuscator@0.0.1
185 silly idealTree ├── adm-zip@0.4.4
185 silly idealTree ├─┬ agent-base@2.0.1
185 silly idealTree │ └── semver@5.0.3
185 silly idealTree ├── amdefine@1.0.0
185 silly idealTree ├── ansi-regex@2.0.0
185 silly idealTree ├── ansi-styles@2.1.0
185 silly idealTree ├── anymatch@1.3.0
185 silly idealTree ├── arr-diff@2.0.0
185 silly idealTree ├── arr-flatten@1.0.1
185 silly idealTree ├── array-unique@0.2.1
185 silly idealTree ├── arrify@1.0.1
185 silly idealTree ├── asn1@0.1.11
185 silly idealTree ├── assert-plus@0.1.5
185 silly idealTree ├── async-each@0.1.6
185 silly idealTree ├── async@0.2.10
185 silly idealTree ├── aws-sign2@0.5.0
185 silly idealTree ├── balanced-match@0.3.0
185 silly idealTree ├── base64-url@1.2.1
185 silly idealTree ├── base64id@0.1.0
185 silly idealTree ├── basic-auth-connect@1.0.0
185 silly idealTree ├── basic-auth@1.0.3
185 silly idealTree ├── batch@0.5.3
185 silly idealTree ├── binary-extensions@1.4.0
185 silly idealTree ├── bindings@1.2.1
185 silly idealTree ├─┬ bl@0.9.5
185 silly idealTree │ └── readable-stream@1.0.33
185 silly idealTree ├── bluebird@2.10.2
185 silly idealTree ├─┬ body-parser@1.13.3
185 silly idealTree │ └── qs@4.0.0
185 silly idealTree ├── boom@2.10.1
185 silly idealTree ├── bower@1.7.7
185 silly idealTree ├── brace-expansion@1.1.2
185 silly idealTree ├── braces@1.8.3
185 silly idealTree ├─┬ bufferutil@1.2.1
185 silly idealTree │ └── nan@2.2.0
185 silly idealTree ├── bytes@2.1.0
185 silly idealTree ├── caseless@0.10.0
185 silly idealTree ├── chalk@1.1.1
185 silly idealTree ├── chokidar@1.4.2
185 silly idealTree ├── colors@0.6.2
185 silly idealTree ├── combined-stream@1.0.5
185 silly idealTree ├── commander@2.1.0
185 silly idealTree ├── compressible@2.0.7
185 silly idealTree ├── compression@1.5.2
185 silly idealTree ├── concat-map@0.0.1
185 silly idealTree ├── connect-timeout@1.6.2
185 silly idealTree ├─┬ connect@2.30.2
185 silly idealTree │ └── qs@4.0.0
185 silly idealTree ├── content-type@1.0.1
185 silly idealTree ├── cookie-parser@1.3.5
185 silly idealTree ├── cookie-signature@1.0.6
185 silly idealTree ├── cookie@0.1.3
185 silly idealTree ├── core-util-is@1.0.2
185 silly idealTree ├── crc@3.3.0
185 silly idealTree ├── cryptiles@2.0.5
185 silly idealTree ├── csrf@3.0.0
185 silly idealTree ├── csurf@1.8.3
185 silly idealTree ├── ctype@0.5.3
185 silly idealTree ├── debug@2.2.0
185 silly idealTree ├── deep-equal@1.0.1
185 silly idealTree ├── delayed-stream@1.0.0
185 silly idealTree ├── depd@1.0.1
185 silly idealTree ├── destroy@1.0.4
185 silly idealTree ├── di@0.0.1
185 silly idealTree ├─┬ ecstatic@0.4.13
185 silly idealTree │ └── optimist@0.3.7
185 silly idealTree ├── ee-first@1.1.1
185 silly idealTree ├── ent@0.0.7
185 silly idealTree ├─┬ errorhandler@1.4.3
185 silly idealTree │ ├── accepts@1.3.1
185 silly idealTree │ └── negotiator@0.6.0
185 silly idealTree ├── escape-html@1.0.3
185 silly idealTree ├── escape-string-regexp@1.0.4
185 silly idealTree ├── etag@1.7.0
185 silly idealTree ├── exit@0.1.2
185 silly idealTree ├── expand-brackets@0.1.4
185 silly idealTree ├── expand-range@1.8.1
185 silly idealTree ├── express-session@1.11.3
185 silly idealTree ├── extend@3.0.0
185 silly idealTree ├── extglob@0.3.2
185 silly idealTree ├── filename-regex@2.0.0
185 silly idealTree ├── fill-range@2.2.3
185 silly idealTree ├─┬ finalhandler@0.4.0
185 silly idealTree │ └── escape-html@1.0.2
185 silly idealTree ├── for-in@0.1.4
185 silly idealTree ├── for-own@0.1.3
185 silly idealTree ├── forever-agent@0.6.1
185 silly idealTree ├─┬ form-data@0.2.0
185 silly idealTree │ ├── async@0.9.2
185 silly idealTree │ ├── combined-stream@0.0.7
185 silly idealTree │ ├── delayed-stream@0.0.5
185 silly idealTree │ ├── mime-db@1.12.0
185 silly idealTree │ └── mime-types@2.0.14
185 silly idealTree ├── fresh@0.3.0
185 silly idealTree ├── generate-function@2.0.0
185 silly idealTree ├── generate-object-property@1.2.0
185 silly idealTree ├── glob-base@0.3.0
185 silly idealTree ├── glob-parent@2.0.0
185 silly idealTree ├── glob@5.0.15
185 silly idealTree ├── graceful-fs@3.0.8
185 silly idealTree ├── graceful-readlink@1.0.1
185 silly idealTree ├─┬ har-validator@1.8.0
185 silly idealTree │ └── commander@2.9.0
185 silly idealTree ├── has-ansi@2.0.0
185 silly idealTree ├── hawk@2.3.1
185 silly idealTree ├── hoek@2.16.3
185 silly idealTree ├── html-entities@1.1.3
185 silly idealTree ├── http-errors@1.3.1
185 silly idealTree ├─┬ http-proxy@0.10.4
185 silly idealTree │ ├── optimist@0.6.1
185 silly idealTree │ └── pkginfo@0.3.1
185 silly idealTree ├── http-server@0.6.1
185 silly idealTree ├── http-signature@0.11.0
185 silly idealTree ├── https-proxy-agent@1.0.0
185 silly idealTree ├── i@0.3.4
185 silly idealTree ├── iconv-lite@0.4.11
185 silly idealTree ├── inflight@1.0.4
185 silly idealTree ├── inherits@2.0.1
185 silly idealTree ├── is-absolute@0.1.7
185 silly idealTree ├── is-binary-path@1.0.1
185 silly idealTree ├── is-buffer@1.1.1
185 silly idealTree ├── is-dotfile@1.0.2
185 silly idealTree ├── is-equal-shallow@0.1.3
185 silly idealTree ├── is-extendable@0.1.1
185 silly idealTree ├── is-extglob@1.0.0
185 silly idealTree ├── is-glob@2.0.1
185 silly idealTree ├── is-my-json-valid@2.12.4
185 silly idealTree ├── is-number@2.1.0
185 silly idealTree ├── is-primitive@2.0.0
185 silly idealTree ├── is-property@1.0.2
185 silly idealTree ├── is-relative@0.1.3
185 silly idealTree ├── isarray@0.0.1
185 silly idealTree ├── isexe@1.1.1
185 silly idealTree ├── isobject@2.0.0
185 silly idealTree ├── isstream@0.1.2
185 silly idealTree ├── jasmine-core@2.4.1
185 silly idealTree ├─┬ jasmine@2.3.2
185 silly idealTree │ ├── glob@3.2.11
185 silly idealTree │ ├── jasmine-core@2.3.4
185 silly idealTree │ └── minimatch@0.3.0
185 silly idealTree ├── jasminewd@1.1.0
185 silly idealTree ├── jasminewd2@0.0.6
185 silly idealTree ├── json-stringify-safe@5.0.1
185 silly idealTree ├── jsonpointer@2.0.0
185 silly idealTree ├── karma-chrome-launcher@0.1.12
185 silly idealTree ├── karma-firefox-launcher@0.1.7
185 silly idealTree ├── karma-jasmine@0.3.6
185 silly idealTree ├── karma-junit-reporter@0.2.2
185 silly idealTree ├─┬ karma@0.12.37
185 silly idealTree │ ├── colors@1.1.2
185 silly idealTree │ ├── mime@1.3.4
185 silly idealTree │ └── optimist@0.6.1
185 silly idealTree ├── kind-of@3.0.2
185 silly idealTree ├── lodash@3.10.1
185 silly idealTree ├─┬ log4js@0.6.30
185 silly idealTree │ └── readable-stream@1.0.33
185 silly idealTree ├── lru-cache@2.2.4
185 silly idealTree ├── media-typer@0.3.0
185 silly idealTree ├── method-override@2.3.5
185 silly idealTree ├── methods@1.1.2
185 silly idealTree ├── micromatch@2.3.7
185 silly idealTree ├── mime-db@1.21.0
185 silly idealTree ├── mime-types@2.1.9
185 silly idealTree ├── mime@1.2.11
185 silly idealTree ├── minijasminenode@1.1.1
185 silly idealTree ├── minimatch@2.0.10
185 silly idealTree ├── minimist@0.0.10
185 silly idealTree ├── mkdirp@0.0.7
185 silly idealTree ├── morgan@1.6.1
185 silly idealTree ├── ms@0.7.1
185 silly idealTree ├─┬ multiparty@3.3.2
185 silly idealTree │ └── readable-stream@1.1.13
185 silly idealTree ├── nan@1.0.0
185 silly idealTree ├── ncp@0.4.2
185 silly idealTree ├── negotiator@0.5.3
185 silly idealTree ├── node-uuid@1.4.7
185 silly idealTree ├── normalize-path@2.0.1
185 silly idealTree ├── oauth-sign@0.8.0
185 silly idealTree ├── object.omit@2.0.0
185 silly idealTree ├── on-finished@2.3.0
185 silly idealTree ├── on-headers@1.0.1
185 silly idealTree ├── once@1.3.3
185 silly idealTree ├── opener@1.3.0
185 silly idealTree ├── optimist@0.5.2
185 silly idealTree ├── options@0.0.6
185 silly idealTree ├── parse-glob@3.0.4
185 silly idealTree ├── parseurl@1.3.1
185 silly idealTree ├── path-is-absolute@1.0.0
185 silly idealTree ├── pause@0.1.0
185 silly idealTree ├── pkginfo@0.2.3
185 silly idealTree ├── policyfile@0.0.4
185 silly idealTree ├── portfinder@0.2.1
185 silly idealTree ├── preserve@0.2.0
185 silly idealTree ├── process-nextick-args@1.0.6
185 silly idealTree ├─┬ protractor@2.5.1
185 silly idealTree │ ├── glob@3.2.11
185 silly idealTree │ ├── lodash@2.4.2
185 silly idealTree │ ├── minimatch@0.3.0
185 silly idealTree │ ├── optimist@0.6.1
185 silly idealTree │ └── q@1.0.0
185 silly idealTree ├── q@1.4.1
185 silly idealTree ├── qs@0.5.6
185 silly idealTree ├── randomatic@1.1.5
185 silly idealTree ├── range-parser@1.0.3
185 silly idealTree ├─┬ raw-body@2.1.5
185 silly idealTree │ ├── bytes@2.2.0
185 silly idealTree │ └── iconv-lite@0.4.13
185 silly idealTree ├── readable-stream@2.0.5
185 silly idealTree ├─┬ readdirp@2.0.0
185 silly idealTree │ └── graceful-fs@4.1.2
185 silly idealTree ├── redis@0.7.3
185 silly idealTree ├── regex-cache@0.4.2
185 silly idealTree ├── repeat-element@1.1.2
185 silly idealTree ├── repeat-string@1.5.2
185 silly idealTree ├─┬ request@2.57.0
185 silly idealTree │ ├── mime-db@1.12.0
185 silly idealTree │ ├── mime-types@2.0.14
185 silly idealTree │ └── qs@3.1.0
185 silly idealTree ├── response-time@2.3.1
185 silly idealTree ├─┬ rimraf@2.5.1
185 silly idealTree │ └── glob@6.0.4
185 silly idealTree ├── rndm@1.1.1
185 silly idealTree ├── saucelabs@1.0.1
185 silly idealTree ├── sax@0.6.1
185 silly idealTree ├── scmp@1.0.0
185 silly idealTree ├─┬ selenium-webdriver@2.47.0
185 silly idealTree │ └── ws@0.8.1
185 silly idealTree ├── semver@4.3.6
185 silly idealTree ├─┬ send@0.13.1
185 silly idealTree │ ├── depd@1.1.0
185 silly idealTree │ └── mime@1.3.4
185 silly idealTree ├── serve-favicon@2.3.0
185 silly idealTree ├── serve-index@1.7.3
185 silly idealTree ├── serve-static@1.10.2
185 silly idealTree ├── shelljs@0.2.6
185 silly idealTree ├── sigmund@1.0.1
185 silly idealTree ├── sntp@1.0.9
185 silly idealTree ├── socket.io-client@0.9.16
185 silly idealTree ├── socket.io@0.9.16
185 silly idealTree ├─┬ source-map-support@0.2.10
185 silly idealTree │ └── source-map@0.1.32
185 silly idealTree ├── source-map@0.4.4
185 silly idealTree ├── statuses@1.2.1
185 silly idealTree ├─┬ stream-counter@0.2.0
185 silly idealTree │ └── readable-stream@1.1.13
185 silly idealTree ├── string_decoder@0.10.31
185 silly idealTree ├── stringstream@0.0.5
185 silly idealTree ├── strip-ansi@3.0.0
185 silly idealTree ├── supports-color@2.0.0
185 silly idealTree ├── tinycolor@0.0.1
185 silly idealTree ├── tmp@0.0.24
185 silly idealTree ├── tough-cookie@2.2.1
185 silly idealTree ├── tunnel-agent@0.4.2
185 silly idealTree ├── type-is@1.6.10
185 silly idealTree ├── uglify-js@1.2.5
185 silly idealTree ├── uid-safe@2.0.0
185 silly idealTree ├── ultron@1.0.2
185 silly idealTree ├── union@0.3.8
185 silly idealTree ├── unpipe@1.0.0
185 silly idealTree ├── useragent@2.1.8
185 silly idealTree ├─┬ utf-8-validate@1.2.1
185 silly idealTree │ └── nan@2.2.0
185 silly idealTree ├── util-deprecate@1.0.2
185 silly idealTree ├── utile@0.2.1
185 silly idealTree ├── utils-merge@1.0.0
185 silly idealTree ├── vary@1.0.1
185 silly idealTree ├── vhost@3.0.2
185 silly idealTree ├── which@1.2.4
185 silly idealTree ├── wordwrap@0.0.3
185 silly idealTree ├── wrappy@1.0.1
185 silly idealTree ├── ws@0.4.32
185 silly idealTree ├─┬ xml2js@0.4.4
185 silly idealTree │ ├── lodash@4.0.1
185 silly idealTree │ └── xmlbuilder@4.2.1
185 silly idealTree ├── xmlbuilder@0.4.2
185 silly idealTree ├── xmlhttprequest@1.4.2
185 silly idealTree ├── xtend@4.0.1
185 silly idealTree └── zeparser@0.0.5
186 silly generateActionsToTake Starting
187 silly install generateActionsToTake
188 silly generateActionsToTake Finishing
189 silly diffTrees action count 5
190 silly diffTrees add bindings@1.2.1
191 silly diffTrees add nan@2.2.0
192 silly diffTrees add bufferutil@1.2.1
193 silly diffTrees add nan@2.2.0
194 silly diffTrees add utf-8-validate@1.2.1
195 silly decomposeActions action count 40
196 silly decomposeActions fetch bindings@1.2.1
197 silly decomposeActions extract bindings@1.2.1
198 silly decomposeActions test bindings@1.2.1
199 silly decomposeActions preinstall bindings@1.2.1
200 silly decomposeActions build bindings@1.2.1
201 silly decomposeActions install bindings@1.2.1
202 silly decomposeActions postinstall bindings@1.2.1
203 silly decomposeActions finalize bindings@1.2.1
204 silly decomposeActions fetch nan@2.2.0
205 silly decomposeActions extract nan@2.2.0
206 silly decomposeActions test nan@2.2.0
207 silly decomposeActions preinstall nan@2.2.0
208 silly decomposeActions build nan@2.2.0
209 silly decomposeActions install nan@2.2.0
210 silly decomposeActions postinstall nan@2.2.0
211 silly decomposeActions finalize nan@2.2.0
212 silly decomposeActions fetch bufferutil@1.2.1
213 silly decomposeActions extract bufferutil@1.2.1
214 silly decomposeActions test bufferutil@1.2.1
215 silly decomposeActions preinstall bufferutil@1.2.1
216 silly decomposeActions build bufferutil@1.2.1
217 silly decomposeActions install bufferutil@1.2.1
218 silly decomposeActions postinstall bufferutil@1.2.1
219 silly decomposeActions finalize bufferutil@1.2.1
220 silly decomposeActions fetch nan@2.2.0
221 silly decomposeActions extract nan@2.2.0
222 silly decomposeActions test nan@2.2.0
223 silly decomposeActions preinstall nan@2.2.0
224 silly decomposeActions build nan@2.2.0
225 silly decomposeActions install nan@2.2.0
226 silly decomposeActions postinstall nan@2.2.0
227 silly decomposeActions finalize nan@2.2.0
228 silly decomposeActions fetch utf-8-validate@1.2.1
229 silly decomposeActions extract utf-8-validate@1.2.1
230 silly decomposeActions test utf-8-validate@1.2.1
231 silly decomposeActions preinstall utf-8-validate@1.2.1
232 silly decomposeActions build utf-8-validate@1.2.1
233 silly decomposeActions install utf-8-validate@1.2.1
234 silly decomposeActions postinstall utf-8-validate@1.2.1
235 silly decomposeActions finalize utf-8-validate@1.2.1
236 silly executeActions Starting
237 silly install executeActions
238 silly doSerial global-install 0
239 silly doParallel fetch 5
240 verbose lock using C:\Users\Jisen\AppData\Roaming\npm-cache\_locks\staging-c037eb1582c57890.lock for C:\Users\Jisen\Documents\GitHub\fount\node_modules\.staging
241 silly doParallel extract 5
242 silly extract bindings@1.2.1
243 silly extract nan@2.2.0
244 silly extract bufferutil@1.2.1
245 silly extract nan@2.2.0
246 silly extract utf-8-validate@1.2.1
247 verbose unbuild node_modules\.staging\bindings-e6a2edfa
248 verbose unbuild node_modules\.staging\bufferutil-eb9c28ef
249 verbose unbuild node_modules\.staging\nan-3e9878f9
250 verbose unbuild node_modules\.staging\utf-8-validate-e4df8d18
251 verbose unbuild node_modules\.staging\nan-03c88d2b
252 silly gentlyRm C:\Users\Jisen\Documents\GitHub\fount\node_modules\.staging\bindings-e6a2edfa is being purged from base C:\Users\Jisen\Documents\GitHub\fount
253 verbose gentlyRm don't care about contents; nuking C:\Users\Jisen\Documents\GitHub\fount\node_modules\.staging\bindings-e6a2edfa
254 silly gentlyRm C:\Users\Jisen\Documents\GitHub\fount\node_modules\.staging\bufferutil-eb9c28ef is being purged from base C:\Users\Jisen\Documents\GitHub\fount
255 verbose gentlyRm don't care about contents; nuking C:\Users\Jisen\Documents\GitHub\fount\node_modules\.staging\bufferutil-eb9c28ef
256 silly gentlyRm C:\Users\Jisen\Documents\GitHub\fount\node_modules\.staging\nan-3e9878f9 is being purged from base C:\Users\Jisen\Documents\GitHub\fount
257 verbose gentlyRm don't care about contents; nuking C:\Users\Jisen\Documents\GitHub\fount\node_modules\.staging\nan-3e9878f9
258 verbose tar unpack C:\Users\Jisen\AppData\Roaming\npm-cache\bindings\1.2.1\package.tgz
259 verbose tar unpacking to C:\Users\Jisen\Documents\GitHub\fount\node_modules\.staging\bindings-e6a2edfa
260 silly gentlyRm C:\Users\Jisen\Documents\GitHub\fount\node_modules\.staging\bindings-e6a2edfa is being purged
261 verbose gentlyRm don't care about contents; nuking C:\Users\Jisen\Documents\GitHub\fount\node_modules\.staging\bindings-e6a2edfa
262 silly gentlyRm C:\Users\Jisen\Documents\GitHub\fount\node_modules\.staging\utf-8-validate-e4df8d18 is being purged from base C:\Users\Jisen\Documents\GitHub\fount
263 verbose gentlyRm don't care about contents; nuking C:\Users\Jisen\Documents\GitHub\fount\node_modules\.staging\utf-8-validate-e4df8d18
264 silly gentlyRm C:\Users\Jisen\Documents\GitHub\fount\node_modules\.staging\nan-03c88d2b is being purged from base C:\Users\Jisen\Documents\GitHub\fount
265 verbose gentlyRm don't care about contents; nuking C:\Users\Jisen\Documents\GitHub\fount\node_modules\.staging\nan-03c88d2b
266 verbose tar unpack C:\Users\Jisen\AppData\Roaming\npm-cache\bufferutil\1.2.1\package.tgz
267 verbose tar unpacking to C:\Users\Jisen\Documents\GitHub\fount\node_modules\.staging\bufferutil-eb9c28ef
268 silly gentlyRm C:\Users\Jisen\Documents\GitHub\fount\node_modules\.staging\bufferutil-eb9c28ef is being purged
269 verbose gentlyRm don't care about contents; nuking C:\Users\Jisen\Documents\GitHub\fount\node_modules\.staging\bufferutil-eb9c28ef
270 verbose tar unpack C:\Users\Jisen\AppData\Roaming\npm-cache\nan\2.2.0\package.tgz
271 verbose tar unpacking to C:\Users\Jisen\Documents\GitHub\fount\node_modules\.staging\nan-3e9878f9
272 silly gentlyRm C:\Users\Jisen\Documents\GitHub\fount\node_modules\.staging\nan-3e9878f9 is being purged
273 verbose gentlyRm don't care about contents; nuking C:\Users\Jisen\Documents\GitHub\fount\node_modules\.staging\nan-3e9878f9
274 silly gunzTarPerm modes [ '777', '666' ]
275 verbose tar unpack C:\Users\Jisen\AppData\Roaming\npm-cache\utf-8-validate\1.2.1\package.tgz
276 verbose tar unpacking to C:\Users\Jisen\Documents\GitHub\fount\node_modules\.staging\utf-8-validate-e4df8d18
277 silly gentlyRm C:\Users\Jisen\Documents\GitHub\fount\node_modules\.staging\utf-8-validate-e4df8d18 is being purged
278 verbose gentlyRm don't care about contents; nuking C:\Users\Jisen\Documents\GitHub\fount\node_modules\.staging\utf-8-validate-e4df8d18
279 verbose tar unpack C:\Users\Jisen\AppData\Roaming\npm-cache\nan\2.2.0\package.tgz
280 verbose tar unpacking to C:\Users\Jisen\Documents\GitHub\fount\node_modules\.staging\nan-03c88d2b
281 silly gentlyRm C:\Users\Jisen\Documents\GitHub\fount\node_modules\.staging\nan-03c88d2b is being purged
282 verbose gentlyRm don't care about contents; nuking C:\Users\Jisen\Documents\GitHub\fount\node_modules\.staging\nan-03c88d2b
283 silly gunzTarPerm modes [ '777', '666' ]
284 silly gunzTarPerm modes [ '777', '666' ]
285 silly gunzTarPerm modes [ '777', '666' ]
286 silly gunzTarPerm modes [ '777', '666' ]
287 silly gunzTarPerm extractEntry package.json
288 silly gunzTarPerm modified mode [ 'package.json', 420, 438 ]
289 silly gunzTarPerm extractEntry package.json
290 silly gunzTarPerm modified mode [ 'package.json', 436, 438 ]
291 silly gunzTarPerm extractEntry package.json
292 silly gunzTarPerm modified mode [ 'package.json', 420, 438 ]
293 silly gunzTarPerm extractEntry package.json
294 silly gunzTarPerm modified mode [ 'package.json', 420, 438 ]
295 silly gunzTarPerm extractEntry package.json
296 silly gunzTarPerm modified mode [ 'package.json', 436, 438 ]
297 silly gunzTarPerm extractEntry README.md
298 silly gunzTarPerm modified mode [ 'README.md', 420, 438 ]
299 silly gunzTarPerm extractEntry bindings.js
300 silly gunzTarPerm modified mode [ 'bindings.js', 420, 438 ]
301 silly gunzTarPerm extractEntry README.md
302 silly gunzTarPerm modified mode [ 'README.md', 436, 438 ]
303 silly gunzTarPerm extractEntry .npmignore
304 silly gunzTarPerm modified mode [ '.npmignore', 420, 438 ]
305 silly gunzTarPerm extractEntry README.md
306 silly gunzTarPerm modified mode [ 'README.md', 420, 438 ]
307 silly gunzTarPerm extractEntry .npmignore
308 silly gunzTarPerm modified mode [ '.npmignore', 420, 438 ]
309 silly gunzTarPerm extractEntry README.md
310 silly gunzTarPerm modified mode [ 'README.md', 420, 438 ]
311 silly gunzTarPerm extractEntry README.md
312 silly gunzTarPerm modified mode [ 'README.md', 436, 438 ]
313 silly gunzTarPerm extractEntry include_dirs.js
314 silly gunzTarPerm modified mode [ 'include_dirs.js', 436, 438 ]
315 silly gunzTarPerm extractEntry include_dirs.js
316 silly gunzTarPerm modified mode [ 'include_dirs.js', 436, 438 ]
317 silly gunzTarPerm extractEntry nan_converters.h
318 silly gunzTarPerm modified mode [ 'nan_converters.h', 436, 438 ]
319 silly gunzTarPerm extractEntry LICENSE.md
320 silly gunzTarPerm modified mode [ 'LICENSE.md', 436, 438 ]
321 silly gunzTarPerm extractEntry .dntrc
322 silly gunzTarPerm modified mode [ '.dntrc', 436, 438 ]
323 silly gunzTarPerm extractEntry fallback.js
324 silly gunzTarPerm modified mode [ 'fallback.js', 420, 438 ]
325 silly gunzTarPerm extractEntry index.js
326 silly gunzTarPerm modified mode [ 'index.js', 420, 438 ]
327 silly gunzTarPerm extractEntry fallback.js
328 silly gunzTarPerm modified mode [ 'fallback.js', 420, 438 ]
329 silly gunzTarPerm extractEntry index.js
330 silly gunzTarPerm modified mode [ 'index.js', 420, 438 ]
331 silly gunzTarPerm extractEntry nan_converters.h
332 silly gunzTarPerm modified mode [ 'nan_converters.h', 436, 438 ]
333 silly gunzTarPerm extractEntry LICENSE.md
334 silly gunzTarPerm modified mode [ 'LICENSE.md', 436, 438 ]
335 silly gunzTarPerm extractEntry .dntrc
336 silly gunzTarPerm modified mode [ '.dntrc', 436, 438 ]
337 silly gunzTarPerm extractEntry appveyor.yml
338 silly gunzTarPerm modified mode [ 'appveyor.yml', 436, 438 ]
339 silly gunzTarPerm extractEntry appveyor.yml
340 silly gunzTarPerm modified mode [ 'appveyor.yml', 436, 438 ]
341 silly gunzTarPerm extractEntry binding.gyp
342 silly gunzTarPerm modified mode [ 'binding.gyp', 420, 438 ]
343 silly gunzTarPerm extractEntry .travis.yml
344 silly gunzTarPerm modified mode [ '.travis.yml', 420, 438 ]
345 silly gunzTarPerm extractEntry .travis.yml
346 silly gunzTarPerm modified mode [ '.travis.yml', 420, 438 ]
347 silly gunzTarPerm extractEntry binding.gyp
348 silly gunzTarPerm modified mode [ 'binding.gyp', 420, 438 ]
349 silly gunzTarPerm extractEntry doc/new.md
350 silly gunzTarPerm modified mode [ 'doc/new.md', 436, 438 ]
351 silly gunzTarPerm extractEntry doc/.build.sh
352 silly gunzTarPerm modified mode [ 'doc/.build.sh', 509, 511 ]
353 silly gunzTarPerm extractEntry doc/new.md
354 silly gunzTarPerm modified mode [ 'doc/new.md', 436, 438 ]
355 silly gunzTarPerm extractEntry doc/.build.sh
356 silly gunzTarPerm modified mode [ 'doc/.build.sh', 509, 511 ]
357 silly gunzTarPerm extractEntry doc/buffers.md
358 silly gunzTarPerm modified mode [ 'doc/buffers.md', 436, 438 ]
359 silly gunzTarPerm extractEntry doc/callback.md
360 silly gunzTarPerm modified mode [ 'doc/callback.md', 436, 438 ]
361 silly gunzTarPerm extractEntry src/validation.cc
362 silly gunzTarPerm modified mode [ 'src/validation.cc', 420, 438 ]
363 silly gunzTarPerm extractEntry doc/buffers.md
364 silly gunzTarPerm modified mode [ 'doc/buffers.md', 436, 438 ]
365 silly gunzTarPerm extractEntry doc/callback.md
366 silly gunzTarPerm modified mode [ 'doc/callback.md', 436, 438 ]
367 silly gunzTarPerm extractEntry doc/converters.md
368 silly gunzTarPerm modified mode [ 'doc/converters.md', 436, 438 ]
369 silly gunzTarPerm extractEntry doc/errors.md
370 silly gunzTarPerm modified mode [ 'doc/errors.md', 436, 438 ]
371 silly gunzTarPerm extractEntry src/bufferutil.cc
372 silly gunzTarPerm modified mode [ 'src/bufferutil.cc', 420, 438 ]
373 silly gunzTarPerm extractEntry doc/converters.md
374 silly gunzTarPerm modified mode [ 'doc/converters.md', 436, 438 ]
375 silly gunzTarPerm extractEntry doc/errors.md
376 silly gunzTarPerm modified mode [ 'doc/errors.md', 436, 438 ]
377 silly gentlyRm C:\Users\Jisen\Documents\GitHub\fount\node_modules\.staging\bindings-e6a2edfa\node_modules is being purged
378 verbose gentlyRm don't care about contents; nuking C:\Users\Jisen\Documents\GitHub\fount\node_modules\.staging\bindings-e6a2edfa\node_modules
379 silly gunzTarPerm extractEntry doc/maybe_types.md
380 silly gunzTarPerm modified mode [ 'doc/maybe_types.md', 436, 438 ]
381 silly gunzTarPerm extractEntry doc/methods.md
382 silly gunzTarPerm modified mode [ 'doc/methods.md', 436, 438 ]
383 silly gunzTarPerm extractEntry doc/maybe_types.md
384 silly gunzTarPerm modified mode [ 'doc/maybe_types.md', 436, 438 ]
385 silly gunzTarPerm extractEntry doc/methods.md
386 silly gunzTarPerm modified mode [ 'doc/methods.md', 436, 438 ]
387 silly gunzTarPerm extractEntry doc/asyncworker.md
388 silly gunzTarPerm modified mode [ 'doc/asyncworker.md', 436, 438 ]
389 silly gunzTarPerm extractEntry doc/node_misc.md
390 silly gunzTarPerm modified mode [ 'doc/node_misc.md', 436, 438 ]
391 silly gunzTarPerm extractEntry doc/asyncworker.md
392 silly gunzTarPerm modified mode [ 'doc/asyncworker.md', 436, 438 ]
393 silly gunzTarPerm extractEntry doc/node_misc.md
394 silly gunzTarPerm modified mode [ 'doc/node_misc.md', 436, 438 ]
395 silly gunzTarPerm extractEntry doc/object_wrappers.md
396 silly gunzTarPerm modified mode [ 'doc/object_wrappers.md', 436, 438 ]
397 silly gunzTarPerm extractEntry doc/persistent.md
398 silly gunzTarPerm modified mode [ 'doc/persistent.md', 436, 438 ]
399 silly gunzTarPerm extractEntry doc/object_wrappers.md
400 silly gunzTarPerm modified mode [ 'doc/object_wrappers.md', 436, 438 ]
401 silly gunzTarPerm extractEntry doc/persistent.md
402 silly gunzTarPerm modified mode [ 'doc/persistent.md', 436, 438 ]
403 silly gunzTarPerm extractEntry doc/scopes.md
404 silly gunzTarPerm modified mode [ 'doc/scopes.md', 436, 438 ]
405 silly gunzTarPerm extractEntry doc/script.md
406 silly gunzTarPerm modified mode [ 'doc/script.md', 436, 438 ]
407 silly gunzTarPerm extractEntry doc/scopes.md
408 silly gunzTarPerm modified mode [ 'doc/scopes.md', 436, 438 ]
409 silly gunzTarPerm extractEntry doc/script.md
410 silly gunzTarPerm modified mode [ 'doc/script.md', 436, 438 ]
411 silly gentlyRm C:\Users\Jisen\Documents\GitHub\fount\node_modules\.staging\utf-8-validate-e4df8d18\node_modules is being purged
412 verbose gentlyRm don't care about contents; nuking C:\Users\Jisen\Documents\GitHub\fount\node_modules\.staging\utf-8-validate-e4df8d18\node_modules
413 silly gunzTarPerm extractEntry doc/string_bytes.md
414 silly gunzTarPerm modified mode [ 'doc/string_bytes.md', 436, 438 ]
415 silly gunzTarPerm extractEntry doc/v8_internals.md
416 silly gunzTarPerm modified mode [ 'doc/v8_internals.md', 436, 438 ]
417 silly gunzTarPerm extractEntry doc/string_bytes.md
418 silly gunzTarPerm modified mode [ 'doc/string_bytes.md', 436, 438 ]
419 silly gunzTarPerm extractEntry doc/v8_internals.md
420 silly gunzTarPerm modified mode [ 'doc/v8_internals.md', 436, 438 ]
421 silly gentlyRm C:\Users\Jisen\Documents\GitHub\fount\node_modules\.staging\bufferutil-eb9c28ef\node_modules is being purged
422 verbose gentlyRm don't care about contents; nuking C:\Users\Jisen\Documents\GitHub\fount\node_modules\.staging\bufferutil-eb9c28ef\node_modules
423 silly gunzTarPerm extractEntry doc/v8_misc.md
424 silly gunzTarPerm modified mode [ 'doc/v8_misc.md', 436, 438 ]
425 silly gunzTarPerm extractEntry nan.h
426 silly gunzTarPerm modified mode [ 'nan.h', 436, 438 ]
427 silly gunzTarPerm extractEntry doc/v8_misc.md
428 silly gunzTarPerm modified mode [ 'doc/v8_misc.md', 436, 438 ]
429 silly gunzTarPerm extractEntry nan.h
430 silly gunzTarPerm modified mode [ 'nan.h', 436, 438 ]
431 silly gunzTarPerm extractEntry nan_callbacks.h
432 silly gunzTarPerm modified mode [ 'nan_callbacks.h', 436, 438 ]
433 silly gunzTarPerm extractEntry nan_callbacks.h
434 silly gunzTarPerm modified mode [ 'nan_callbacks.h', 436, 438 ]
435 silly gunzTarPerm extractEntry nan_callbacks_12_inl.h
436 silly gunzTarPerm modified mode [ 'nan_callbacks_12_inl.h', 436, 438 ]
437 silly gunzTarPerm extractEntry nan_callbacks_pre_12_inl.h
438 silly gunzTarPerm modified mode [ 'nan_callbacks_pre_12_inl.h', 436, 438 ]
439 silly gunzTarPerm extractEntry nan_callbacks_12_inl.h
440 silly gunzTarPerm modified mode [ 'nan_callbacks_12_inl.h', 436, 438 ]
441 silly gunzTarPerm extractEntry nan_callbacks_pre_12_inl.h
442 silly gunzTarPerm modified mode [ 'nan_callbacks_pre_12_inl.h', 436, 438 ]
443 silly gunzTarPerm extractEntry nan_converters_43_inl.h
444 silly gunzTarPerm modified mode [ 'nan_converters_43_inl.h', 436, 438 ]
445 silly gunzTarPerm extractEntry nan_converters_pre_43_inl.h
446 silly gunzTarPerm modified mode [ 'nan_converters_pre_43_inl.h', 436, 438 ]
447 silly gunzTarPerm extractEntry nan_implementation_12_inl.h
448 silly gunzTarPerm modified mode [ 'nan_implementation_12_inl.h', 436, 438 ]
449 silly gunzTarPerm extractEntry nan_converters_43_inl.h
450 silly gunzTarPerm modified mode [ 'nan_converters_43_inl.h', 436, 438 ]
451 silly gunzTarPerm extractEntry nan_converters_pre_43_inl.h
452 silly gunzTarPerm modified mode [ 'nan_converters_pre_43_inl.h', 436, 438 ]
453 silly gunzTarPerm extractEntry nan_implementation_12_inl.h
454 silly gunzTarPerm modified mode [ 'nan_implementation_12_inl.h', 436, 438 ]
455 silly gunzTarPerm extractEntry nan_implementation_pre_12_inl.h
456 silly gunzTarPerm modified mode [ 'nan_implementation_pre_12_inl.h', 436, 438 ]
457 silly gunzTarPerm extractEntry nan_implementation_pre_12_inl.h
458 silly gunzTarPerm modified mode [ 'nan_implementation_pre_12_inl.h', 436, 438 ]
459 silly gunzTarPerm extractEntry nan_maybe_43_inl.h
460 silly gunzTarPerm modified mode [ 'nan_maybe_43_inl.h', 436, 438 ]
461 silly gunzTarPerm extractEntry nan_maybe_pre_43_inl.h
462 silly gunzTarPerm modified mode [ 'nan_maybe_pre_43_inl.h', 436, 438 ]
463 silly gunzTarPerm extractEntry nan_new.h
464 silly gunzTarPerm modified mode [ 'nan_new.h', 436, 438 ]
465 silly gunzTarPerm extractEntry nan_maybe_43_inl.h
466 silly gunzTarPerm modified mode [ 'nan_maybe_43_inl.h', 436, 438 ]
467 silly gunzTarPerm extractEntry nan_maybe_pre_43_inl.h
468 silly gunzTarPerm modified mode [ 'nan_maybe_pre_43_inl.h', 436, 438 ]
469 silly gunzTarPerm extractEntry nan_new.h
470 silly gunzTarPerm modified mode [ 'nan_new.h', 436, 438 ]
471 silly gunzTarPerm extractEntry nan_object_wrap.h
472 silly gunzTarPerm modified mode [ 'nan_object_wrap.h', 436, 438 ]
473 silly gunzTarPerm extractEntry nan_object_wrap.h
474 silly gunzTarPerm modified mode [ 'nan_object_wrap.h', 436, 438 ]
475 silly gunzTarPerm extractEntry nan_persistent_12_inl.h
476 silly gunzTarPerm modified mode [ 'nan_persistent_12_inl.h', 436, 438 ]
477 silly gunzTarPerm extractEntry nan_persistent_pre_12_inl.h
478 silly gunzTarPerm modified mode [ 'nan_persistent_pre_12_inl.h', 436, 438 ]
479 silly gunzTarPerm extractEntry nan_persistent_12_inl.h
480 silly gunzTarPerm modified mode [ 'nan_persistent_12_inl.h', 436, 438 ]
481 silly gunzTarPerm extractEntry nan_persistent_pre_12_inl.h
482 silly gunzTarPerm modified mode [ 'nan_persistent_pre_12_inl.h', 436, 438 ]
483 silly gunzTarPerm extractEntry nan_string_bytes.h
484 silly gunzTarPerm modified mode [ 'nan_string_bytes.h', 436, 438 ]
485 silly gunzTarPerm extractEntry nan_typedarray_contents.h
486 silly gunzTarPerm modified mode [ 'nan_typedarray_contents.h', 436, 438 ]
487 silly gunzTarPerm extractEntry nan_string_bytes.h
488 silly gunzTarPerm modified mode [ 'nan_string_bytes.h', 436, 438 ]
489 silly gunzTarPerm extractEntry nan_typedarray_contents.h
490 silly gunzTarPerm modified mode [ 'nan_typedarray_contents.h', 436, 438 ]
491 silly gunzTarPerm extractEntry nan_weak.h
492 silly gunzTarPerm modified mode [ 'nan_weak.h', 436, 438 ]
493 silly gunzTarPerm extractEntry CHANGELOG.md
494 silly gunzTarPerm modified mode [ 'CHANGELOG.md', 436, 438 ]
495 silly gunzTarPerm extractEntry nan_weak.h
496 silly gunzTarPerm modified mode [ 'nan_weak.h', 436, 438 ]
497 silly gunzTarPerm extractEntry CHANGELOG.md
498 silly gunzTarPerm modified mode [ 'CHANGELOG.md', 436, 438 ]
499 silly gunzTarPerm extractEntry tools/package.json
500 silly gunzTarPerm modified mode [ 'tools/package.json', 436, 438 ]
501 silly gunzTarPerm extractEntry tools/README.md
502 silly gunzTarPerm modified mode [ 'tools/README.md', 436, 438 ]
503 silly gunzTarPerm extractEntry tools/package.json
504 silly gunzTarPerm modified mode [ 'tools/package.json', 436, 438 ]
505 silly gunzTarPerm extractEntry tools/README.md
506 silly gunzTarPerm modified mode [ 'tools/README.md', 436, 438 ]
507 silly gunzTarPerm extractEntry tools/1to2.js
508 silly gunzTarPerm modified mode [ 'tools/1to2.js', 509, 511 ]
509 silly gunzTarPerm extractEntry tools/1to2.js
510 silly gunzTarPerm modified mode [ 'tools/1to2.js', 509, 511 ]
511 silly gentlyRm C:\Users\Jisen\Documents\GitHub\fount\node_modules\.staging\nan-03c88d2b\node_modules is being purged
512 verbose gentlyRm don't care about contents; nuking C:\Users\Jisen\Documents\GitHub\fount\node_modules\.staging\nan-03c88d2b\node_modules
513 silly gentlyRm C:\Users\Jisen\Documents\GitHub\fount\node_modules\.staging\nan-3e9878f9\node_modules is being purged
514 verbose gentlyRm don't care about contents; nuking C:\Users\Jisen\Documents\GitHub\fount\node_modules\.staging\nan-3e9878f9\node_modules
515 silly doParallel preinstall 5
516 silly preinstall bindings@1.2.1 C:\Users\Jisen\Documents\GitHub\fount\node_modules\.staging\bindings-e6a2edfa
517 info lifecycle bindings@1.2.1~preinstall: bindings@1.2.1
518 silly preinstall nan@2.2.0 C:\Users\Jisen\Documents\GitHub\fount\node_modules\.staging\nan-3e9878f9
519 info lifecycle nan@2.2.0~preinstall: nan@2.2.0
520 silly preinstall bufferutil@1.2.1 C:\Users\Jisen\Documents\GitHub\fount\node_modules\.staging\bufferutil-eb9c28ef
521 info lifecycle bufferutil@1.2.1~preinstall: bufferutil@1.2.1
522 silly preinstall nan@2.2.0 C:\Users\Jisen\Documents\GitHub\fount\node_modules\.staging\nan-03c88d2b
523 info lifecycle nan@2.2.0~preinstall: nan@2.2.0
524 silly preinstall utf-8-validate@1.2.1 C:\Users\Jisen\Documents\GitHub\fount\node_modules\.staging\utf-8-validate-e4df8d18
525 info lifecycle utf-8-validate@1.2.1~preinstall: utf-8-validate@1.2.1
526 silly lifecycle bindings@1.2.1~preinstall: no script for preinstall, continuing
527 silly lifecycle nan@2.2.0~preinstall: no script for preinstall, continuing
528 silly lifecycle bufferutil@1.2.1~preinstall: no script for preinstall, continuing
529 silly lifecycle nan@2.2.0~preinstall: no script for preinstall, continuing
530 silly lifecycle utf-8-validate@1.2.1~preinstall: no script for preinstall, continuing
531 silly doReverseSerial remove 0
532 silly doSerial move 0
533 silly doSerial finalize 5
534 silly finalize C:\Users\Jisen\Documents\GitHub\fount\node_modules\bindings
535 silly finalize C:\Users\Jisen\Documents\GitHub\fount\node_modules\bufferutil\node_modules\nan
536 silly finalize C:\Users\Jisen\Documents\GitHub\fount\node_modules\bufferutil
537 silly finalize C:\Users\Jisen\Documents\GitHub\fount\node_modules\utf-8-validate\node_modules\nan
538 silly finalize C:\Users\Jisen\Documents\GitHub\fount\node_modules\utf-8-validate
539 silly doSerial build 5
540 silly build bindings@1.2.1
541 info linkStuff bindings@1.2.1
542 silly linkStuff bindings@1.2.1 has C:\Users\Jisen\Documents\GitHub\fount\node_modules as its parent node_modules
543 verbose linkBins bindings@1.2.1
544 verbose linkMans bindings@1.2.1
545 silly build nan@2.2.0
546 info linkStuff nan@2.2.0
547 silly linkStuff nan@2.2.0 has C:\Users\Jisen\Documents\GitHub\fount\node_modules\bufferutil\node_modules as its parent node_modules
548 verbose linkBins nan@2.2.0
549 verbose linkMans nan@2.2.0
550 silly build bufferutil@1.2.1
551 info linkStuff bufferutil@1.2.1
552 silly linkStuff bufferutil@1.2.1 has C:\Users\Jisen\Documents\GitHub\fount\node_modules as its parent node_modules
553 verbose linkBins bufferutil@1.2.1
554 verbose linkMans bufferutil@1.2.1
555 silly build nan@2.2.0
556 info linkStuff nan@2.2.0
557 silly linkStuff nan@2.2.0 has C:\Users\Jisen\Documents\GitHub\fount\node_modules\utf-8-validate\node_modules as its parent node_modules
558 verbose linkBins nan@2.2.0
559 verbose linkMans nan@2.2.0
560 silly build utf-8-validate@1.2.1
561 info linkStuff utf-8-validate@1.2.1
562 silly linkStuff utf-8-validate@1.2.1 has C:\Users\Jisen\Documents\GitHub\fount\node_modules as its parent node_modules
563 verbose linkBins utf-8-validate@1.2.1
564 verbose linkMans utf-8-validate@1.2.1
565 silly doSerial global-link 0
566 silly doParallel update-linked 0
567 silly doSerial install 5
568 silly install bindings@1.2.1 C:\Users\Jisen\Documents\GitHub\fount\node_modules\.staging\bindings-e6a2edfa
569 info lifecycle bindings@1.2.1~install: bindings@1.2.1
570 silly lifecycle bindings@1.2.1~install: no script for install, continuing
571 silly install nan@2.2.0 C:\Users\Jisen\Documents\GitHub\fount\node_modules\.staging\nan-3e9878f9
572 info lifecycle nan@2.2.0~install: nan@2.2.0
573 silly lifecycle nan@2.2.0~install: no script for install, continuing
574 silly install bufferutil@1.2.1 C:\Users\Jisen\Documents\GitHub\fount\node_modules\.staging\bufferutil-eb9c28ef
575 info lifecycle bufferutil@1.2.1~install: bufferutil@1.2.1
576 verbose lifecycle bufferutil@1.2.1~install: unsafe-perm in lifecycle true
577 verbose lifecycle bufferutil@1.2.1~install: PATH: C:\Users\Jisen\AppData\Roaming\npm\node_modules\npm\bin\node-gyp-bin;C:\Users\Jisen\Documents\GitHub\fount\node_modules\bufferutil\node_modules\.bin;C:\Users\Jisen\Documents\GitHub\fount\node_modules\.bin;“C:\Program Files\Java\jdk1.7.0_79\bin;C:\Program Files (x86)\Lenovo\FusionEngine;C:\Program Files (x86)\NVIDIA Corporation\PhysX\Common;C:\Program Files (x86)\Intel\iCLS Client\;C:\Program Files\Intel\iCLS Client\;C:\WINDOWS\system32;C:\WINDOWS;C:\WINDOWS\System32\Wbem;C:\WINDOWS\System32\WindowsPowerShell\v1.0\;C:\Program Files\Intel\Intel(R) Management Engine Components\DAL;C:\Program Files\Intel\Intel(R) Management Engine Components\IPT;C:\Program Files (x86)\Intel\Intel(R) Management Engine Components\DAL;C:\Program Files (x86)\Intel\Intel(R) Management Engine Components\IPT;C:\Program Files (x86)\Lenovo\Motion Control\;C:\Program Files (x86)\Common Files\lenovo\easyplussdk\bin;C:\Program Files (x86)\QuickTime\QTSystem\;C:\Users\Jisen\AppData\Local\Android\android-sdk\platform-tools;C:\Users\Jisen\AppData\Local\Android\android-sdk\tools;C:\Users\Jisen\Desktop\Mobile\apache-ant-1.9.6\bin;C:\Program Files\nodejs;C:\Users\Jisen\AppData\Local\Programs\Git\cmd;C:\Program Files (x86)\MySQL\MySQL Fabric 1.5 & MySQL Utilities 1.5\;C:\Program Files (x86)\MySQL\MySQL Fabric 1.5 & MySQL Utilities 1.5\Doctrine extensions for PHP\;D:\activator-1.3.6-minimal;D:\play-1.2.7.2;C:\Program Files (x86)\Skype\Phone\;C:\Program Files (x86)\nodejs\;C:\Program Files\Microsoft SQL Server\110\Tools\Binn\;C:\Users\Jisen\AppData\Roaming\npm
578 verbose lifecycle bufferutil@1.2.1~install: CWD: C:\Users\Jisen\Documents\GitHub\fount\node_modules\bufferutil
579 silly lifecycle bufferutil@1.2.1~install: Args: [ '/d /s /c', 'node-gyp rebuild' ]
580 silly lifecycle bufferutil@1.2.1~install: Returned: code: 1  signal: null
581 info lifecycle bufferutil@1.2.1~install: Failed to exec install script
582 warn install:bufferutil@1.2.1 bufferutil@1.2.1 install: `node-gyp rebuild`
582 warn install:bufferutil@1.2.1 Exit status 1
583 verbose install:bufferutil@1.2.1 Error: bufferutil@1.2.1 install: `node-gyp rebuild`
583 verbose install:bufferutil@1.2.1 Exit status 1
583 verbose install:bufferutil@1.2.1     at EventEmitter.<anonymous> (C:\Users\Jisen\AppData\Roaming\npm\node_modules\npm\lib\utils\lifecycle.js:232:16)
583 verbose install:bufferutil@1.2.1     at emitTwo (events.js:87:13)
583 verbose install:bufferutil@1.2.1     at EventEmitter.emit (events.js:172:7)
583 verbose install:bufferutil@1.2.1     at ChildProcess.<anonymous> (C:\Users\Jisen\AppData\Roaming\npm\node_modules\npm\lib\utils\spawn.js:24:14)
583 verbose install:bufferutil@1.2.1     at emitTwo (events.js:87:13)
583 verbose install:bufferutil@1.2.1     at ChildProcess.emit (events.js:172:7)
583 verbose install:bufferutil@1.2.1     at maybeClose (internal/child_process.js:821:16)
583 verbose install:bufferutil@1.2.1     at Process.ChildProcess._handle.onexit (internal/child_process.js:211:5)
584 silly install nan@2.2.0 C:\Users\Jisen\Documents\GitHub\fount\node_modules\.staging\nan-03c88d2b
585 info lifecycle nan@2.2.0~install: nan@2.2.0
586 silly lifecycle nan@2.2.0~install: no script for install, continuing
587 silly install utf-8-validate@1.2.1 C:\Users\Jisen\Documents\GitHub\fount\node_modules\.staging\utf-8-validate-e4df8d18
588 info lifecycle utf-8-validate@1.2.1~install: utf-8-validate@1.2.1
589 verbose lifecycle utf-8-validate@1.2.1~install: unsafe-perm in lifecycle true
590 verbose lifecycle utf-8-validate@1.2.1~install: PATH: C:\Users\Jisen\AppData\Roaming\npm\node_modules\npm\bin\node-gyp-bin;C:\Users\Jisen\Documents\GitHub\fount\node_modules\utf-8-validate\node_modules\.bin;C:\Users\Jisen\Documents\GitHub\fount\node_modules\.bin;“C:\Program Files\Java\jdk1.7.0_79\bin;C:\Program Files (x86)\Lenovo\FusionEngine;C:\Program Files (x86)\NVIDIA Corporation\PhysX\Common;C:\Program Files (x86)\Intel\iCLS Client\;C:\Program Files\Intel\iCLS Client\;C:\WINDOWS\system32;C:\WINDOWS;C:\WINDOWS\System32\Wbem;C:\WINDOWS\System32\WindowsPowerShell\v1.0\;C:\Program Files\Intel\Intel(R) Management Engine Components\DAL;C:\Program Files\Intel\Intel(R) Management Engine Components\IPT;C:\Program Files (x86)\Intel\Intel(R) Management Engine Components\DAL;C:\Program Files (x86)\Intel\Intel(R) Management Engine Components\IPT;C:\Program Files (x86)\Lenovo\Motion Control\;C:\Program Files (x86)\Common Files\lenovo\easyplussdk\bin;C:\Program Files (x86)\QuickTime\QTSystem\;C:\Users\Jisen\AppData\Local\Android\android-sdk\platform-tools;C:\Users\Jisen\AppData\Local\Android\android-sdk\tools;C:\Users\Jisen\Desktop\Mobile\apache-ant-1.9.6\bin;C:\Program Files\nodejs;C:\Users\Jisen\AppData\Local\Programs\Git\cmd;C:\Program Files (x86)\MySQL\MySQL Fabric 1.5 & MySQL Utilities 1.5\;C:\Program Files (x86)\MySQL\MySQL Fabric 1.5 & MySQL Utilities 1.5\Doctrine extensions for PHP\;D:\activator-1.3.6-minimal;D:\play-1.2.7.2;C:\Program Files (x86)\Skype\Phone\;C:\Program Files (x86)\nodejs\;C:\Program Files\Microsoft SQL Server\110\Tools\Binn\;C:\Users\Jisen\AppData\Roaming\npm
591 verbose lifecycle utf-8-validate@1.2.1~install: CWD: C:\Users\Jisen\Documents\GitHub\fount\node_modules\utf-8-validate
592 silly lifecycle utf-8-validate@1.2.1~install: Args: [ '/d /s /c', 'node-gyp rebuild' ]
593 silly lifecycle utf-8-validate@1.2.1~install: Returned: code: 1  signal: null
594 info lifecycle utf-8-validate@1.2.1~install: Failed to exec install script
595 warn install:utf-8-validate@1.2.1 utf-8-validate@1.2.1 install: `node-gyp rebuild`
595 warn install:utf-8-validate@1.2.1 Exit status 1
596 verbose install:utf-8-validate@1.2.1 Error: utf-8-validate@1.2.1 install: `node-gyp rebuild`
596 verbose install:utf-8-validate@1.2.1 Exit status 1
596 verbose install:utf-8-validate@1.2.1     at EventEmitter.<anonymous> (C:\Users\Jisen\AppData\Roaming\npm\node_modules\npm\lib\utils\lifecycle.js:232:16)
596 verbose install:utf-8-validate@1.2.1     at emitTwo (events.js:87:13)
596 verbose install:utf-8-validate@1.2.1     at EventEmitter.emit (events.js:172:7)
596 verbose install:utf-8-validate@1.2.1     at ChildProcess.<anonymous> (C:\Users\Jisen\AppData\Roaming\npm\node_modules\npm\lib\utils\spawn.js:24:14)
596 verbose install:utf-8-validate@1.2.1     at emitTwo (events.js:87:13)
596 verbose install:utf-8-validate@1.2.1     at ChildProcess.emit (events.js:172:7)
596 verbose install:utf-8-validate@1.2.1     at maybeClose (internal/child_process.js:821:16)
596 verbose install:utf-8-validate@1.2.1     at Process.ChildProcess._handle.onexit (internal/child_process.js:211:5)
597 silly doSerial postinstall 5
598 verbose unlock done using C:\Users\Jisen\AppData\Roaming\npm-cache\_locks\staging-c037eb1582c57890.lock for C:\Users\Jisen\Documents\GitHub\fount\node_modules\.staging
599 silly executeActions Finishing
600 silly rollbackFailedOptional Starting
601 silly rollbackFailedOptional Finishing
602 silly runTopLevelLifecycles Starting
603 silly install runTopLevelLifecycles
604 silly preinstall angular-seed@0.0.0 C:\Users\Jisen\Documents\GitHub\fount\angular-seed-bc91cfa0
605 info lifecycle angular-seed@0.0.0~preinstall: angular-seed@0.0.0
606 silly lifecycle angular-seed@0.0.0~preinstall: no script for preinstall, continuing
607 silly build angular-seed@0.0.0
608 info linkStuff angular-seed@0.0.0
609 silly linkStuff angular-seed@0.0.0 has C:\Users\Jisen\Documents\GitHub as its parent node_modules
610 verbose linkBins angular-seed@0.0.0
611 verbose linkMans angular-seed@0.0.0
612 silly install angular-seed@0.0.0 C:\Users\Jisen\Documents\GitHub\fount\angular-seed-bc91cfa0
613 info lifecycle angular-seed@0.0.0~install: angular-seed@0.0.0
614 silly lifecycle angular-seed@0.0.0~install: no script for install, continuing
615 silly postinstall angular-seed@0.0.0 C:\Users\Jisen\Documents\GitHub\fount\angular-seed-bc91cfa0
616 info lifecycle angular-seed@0.0.0~postinstall: angular-seed@0.0.0
617 verbose lifecycle angular-seed@0.0.0~postinstall: unsafe-perm in lifecycle true
618 verbose lifecycle angular-seed@0.0.0~postinstall: PATH: C:\Users\Jisen\AppData\Roaming\npm\node_modules\npm\bin\node-gyp-bin;C:\Users\Jisen\Documents\GitHub\fount\node_modules\.bin;“C:\Program Files\Java\jdk1.7.0_79\bin;C:\Program Files (x86)\Lenovo\FusionEngine;C:\Program Files (x86)\NVIDIA Corporation\PhysX\Common;C:\Program Files (x86)\Intel\iCLS Client\;C:\Program Files\Intel\iCLS Client\;C:\WINDOWS\system32;C:\WINDOWS;C:\WINDOWS\System32\Wbem;C:\WINDOWS\System32\WindowsPowerShell\v1.0\;C:\Program Files\Intel\Intel(R) Management Engine Components\DAL;C:\Program Files\Intel\Intel(R) Management Engine Components\IPT;C:\Program Files (x86)\Intel\Intel(R) Management Engine Components\DAL;C:\Program Files (x86)\Intel\Intel(R) Management Engine Components\IPT;C:\Program Files (x86)\Lenovo\Motion Control\;C:\Program Files (x86)\Common Files\lenovo\easyplussdk\bin;C:\Program Files (x86)\QuickTime\QTSystem\;C:\Users\Jisen\AppData\Local\Android\android-sdk\platform-tools;C:\Users\Jisen\AppData\Local\Android\android-sdk\tools;C:\Users\Jisen\Desktop\Mobile\apache-ant-1.9.6\bin;C:\Program Files\nodejs;C:\Users\Jisen\AppData\Local\Programs\Git\cmd;C:\Program Files (x86)\MySQL\MySQL Fabric 1.5 & MySQL Utilities 1.5\;C:\Program Files (x86)\MySQL\MySQL Fabric 1.5 & MySQL Utilities 1.5\Doctrine extensions for PHP\;D:\activator-1.3.6-minimal;D:\play-1.2.7.2;C:\Program Files (x86)\Skype\Phone\;C:\Program Files (x86)\nodejs\;C:\Program Files\Microsoft SQL Server\110\Tools\Binn\;C:\Users\Jisen\AppData\Roaming\npm
619 verbose lifecycle angular-seed@0.0.0~postinstall: CWD: C:\Users\Jisen\Documents\GitHub\fount
620 silly lifecycle angular-seed@0.0.0~postinstall: Args: [ '/d /s /c', 'bower install' ]
621 silly lifecycle angular-seed@0.0.0~postinstall: Returned: code: 1  signal: null
622 info lifecycle angular-seed@0.0.0~postinstall: Failed to exec postinstall script
623 warn optional Skipping failed optional dependency /chokidar/fsevents:
624 warn notsup Not compatible with your operating system or architecture: fsevents@1.0.6
625 verbose stack Error: angular-seed@0.0.0 postinstall: `bower install`
625 verbose stack Exit status 1
625 verbose stack     at EventEmitter.<anonymous> (C:\Users\Jisen\AppData\Roaming\npm\node_modules\npm\lib\utils\lifecycle.js:232:16)
625 verbose stack     at emitTwo (events.js:87:13)
625 verbose stack     at EventEmitter.emit (events.js:172:7)
625 verbose stack     at ChildProcess.<anonymous> (C:\Users\Jisen\AppData\Roaming\npm\node_modules\npm\lib\utils\spawn.js:24:14)
625 verbose stack     at emitTwo (events.js:87:13)
625 verbose stack     at ChildProcess.emit (events.js:172:7)
625 verbose stack     at maybeClose (internal/child_process.js:821:16)
625 verbose stack     at Process.ChildProcess._handle.onexit (internal/child_process.js:211:5)
626 verbose pkgid angular-seed@0.0.0
627 verbose cwd C:\Users\Jisen\Documents\GitHub\fount\app
628 error Windows_NT 10.0.10586
629 error argv "C:\\Program Files (x86)\\nodejs\\node.exe" "C:\\Users\\Jisen\\AppData\\Roaming\\npm\\node_modules\\npm\\bin\\npm-cli.js" "install"
630 error node v4.2.6
631 error npm  v3.5.3
632 error code ELIFECYCLE
633 error angular-seed@0.0.0 postinstall: `bower install`
633 error Exit status 1
634 error Failed at the angular-seed@0.0.0 postinstall script 'bower install'.
634 error Make sure you have the latest version of node.js and npm installed.
634 error If you do, this is most likely a problem with the angular-seed package,
634 error not with npm itself.
634 error Tell the author that this fails on your system:
634 error     bower install
634 error You can get information on how to open an issue for this project with:
634 error     npm bugs angular-seed
634 error Or if that isn't available, you can get their info via:
634 error     npm owner ls angular-seed
634 error There is likely additional logging output above.
635 verbose exit [ 1, true ]
